model-1617599740,1617599740.385,0.55,0.2483,0.52,0.2494
model-1617599740,1617599740.412,0.42,0.2598,0.48,0.2595
model-1617599740,1617599740.437,0.48,0.253,0.52,0.25
model-1617599740,1617599740.463,0.48,0.2608,0.58,0.2454
model-1617599740,1617599740.49,0.49,0.2529,0.48,0.2575
model-1617599740,1617599740.516,0.55,0.2489,0.42,0.2568
model-1617599740,1617599740.541,0.48,0.2501,0.5,0.2501
model-1617599740,1617599740.567,0.57,0.2491,0.48,0.25
model-1617599740,1617599740.594,0.53,0.2495,0.53,0.2495
model-1617599740,1617599740.62,0.53,0.2493,0.53,0.2495
model-1617599740,1617599740.645,0.42,0.2518,0.51,0.2497
model-1617599740,1617599740.668,0.47,0.2504,0.47,0.2507
model-1617599740,1617599740.69,0.51,0.2498,0.57,0.2484
model-1617599740,1617599740.708,0.54,0.2488,0.54,0.2488
model-1617599740,1617599740.728,0.52,0.2487,0.52,0.2495
model-1617599740,1617599740.746,0.46,0.2521,0.46,0.2517
model-1617599740,1617599740.764,0.42,0.2526,0.46,0.251
model-1617599740,1617599740.782,0.59,0.2479,0.46,0.2511
model-1617599740,1617599740.804,0.58,0.2495,0.46,0.2508
model-1617599740,1617599740.822,0.51,0.2499,0.43,0.2502
model-1617599740,1617599740.84,0.46,0.2505,0.51,0.2499
model-1617599740,1617599740.859,0.51,0.2501,0.59,0.2491
model-1617599740,1617599740.877,0.46,0.251,0.55,0.2494
model-1617599740,1617599740.895,0.48,0.2507,0.44,0.2516
model-1617599740,1617599740.915,0.51,0.2497,0.52,0.2493
model-1617599740,1617599740.932,0.5,0.25,0.58,0.2476
model-1617599740,1617599740.951,0.5,0.2496,0.51,0.2498
model-1617599740,1617599740.97,0.46,0.2521,0.5,0.2501
model-1617599740,1617599740.987,0.51,0.2497,0.57,0.2463
model-1617599740,1617599741.005,0.49,0.2507,0.5,0.2497
model-1617599740,1617599741.025,0.51,0.249,0.46,0.2535
model-1617599740,1617599741.042,0.47,0.2498,0.43,0.2526
model-1617599740,1617599741.06,0.57,0.2483,0.54,0.2477
model-1617599740,1617599741.077,0.53,0.2502,0.52,0.2492
model-1617599740,1617599741.096,0.51,0.2489,0.54,0.2482
model-1617599740,1617599741.115,0.45,0.2505,0.5,0.2493
model-1617599740,1617599741.135,0.47,0.2506,0.52,0.2501
model-1617599740,1617599741.153,0.6,0.2457,0.52,0.2489
model-1617599740,1617599741.17,0.57,0.2467,0.45,0.2528
model-1617599740,1617599741.187,0.56,0.2483,0.55,0.2506
model-1617599740,1617599741.205,0.58,0.2473,0.57,0.2479
model-1617599740,1617599741.223,0.54,0.2476,0.59,0.2472
model-1617599740,1617599741.243,0.51,0.2483,0.51,0.2479
model-1617599740,1617599741.26,0.6,0.2459,0.59,0.2447
model-1617599740,1617599741.278,0.51,0.2496,0.63,0.2437
model-1617599740,1617599741.295,0.54,0.2408,0.49,0.25
model-1617599740,1617599741.313,0.5,0.2464,0.47,0.2516
model-1617599740,1617599741.331,0.5,0.2522,0.47,0.248
model-1617599740,1617599741.353,0.46,0.2551,0.5,0.2497
model-1617599740,1617599741.371,0.53,0.2464,0.59,0.24
model-1617599740,1617599741.388,0.5,0.2479,0.54,0.2442
model-1617599740,1617599741.41,0.58,0.2402,0.55,0.2478
model-1617599740,1617599741.428,0.61,0.2415,0.46,0.2485
model-1617599740,1617599741.445,0.56,0.2438,0.59,0.2406
model-1617599740,1617599741.467,0.58,0.241,0.59,0.2379
model-1617599740,1617599741.484,0.43,0.261,0.48,0.2494
model-1617599740,1617599741.502,0.47,0.2645,0.6,0.2414
model-1617599740,1617599741.519,0.67,0.2315,0.58,0.244
model-1617599740,1617599741.537,0.62,0.2393,0.54,0.2425
model-1617599740,1617599741.555,0.62,0.2413,0.5,0.2583
model-1617599740,1617599741.58,0.5,0.2528,0.52,0.2482
model-1617599740,1617599741.598,0.59,0.2462,0.69,0.23
model-1617599740,1617599741.615,0.46,0.2665,0.51,0.2443
model-1617599740,1617599741.634,0.54,0.253,0.59,0.2366
model-1617599740,1617599741.652,0.49,0.2608,0.51,0.252
model-1617599740,1617599741.67,0.46,0.2614,0.52,0.2519
model-1617599740,1617599741.692,0.56,0.2345,0.59,0.2455
model-1617599740,1617599741.71,0.55,0.2513,0.56,0.2382
model-1617599740,1617599741.728,0.54,0.2395,0.52,0.2499
model-1617599740,1617599741.745,0.6,0.2512,0.57,0.2326
model-1617599740,1617599741.763,0.58,0.2479,0.55,0.2436
model-1617599740,1617599741.781,0.58,0.2389,0.51,0.2466
model-1617599740,1617599741.802,0.57,0.2453,0.7,0.2333
model-1617599740,1617599741.819,0.5,0.2511,0.53,0.247
model-1617599740,1617599741.837,0.49,0.2597,0.62,0.2311
model-1617599740,1617599741.855,0.59,0.2414,0.65,0.2447
model-1617599740,1617599741.873,0.49,0.2507,0.55,0.2442
model-1617599740,1617599741.891,0.48,0.241,0.52,0.2496
model-1617599740,1617599741.913,0.46,0.2617,0.59,0.246
model-1617599740,1617599741.931,0.55,0.2404,0.58,0.243
model-1617599740,1617599741.95,0.53,0.2512,0.57,0.2461
model-1617599740,1617599741.967,0.51,0.2485,0.57,0.2391
model-1617599740,1617599741.985,0.53,0.2545,0.59,0.2405
model-1617599740,1617599742.002,0.53,0.2436,0.59,0.2371
model-1617599740,1617599742.024,0.55,0.2459,0.5,0.2584
model-1617599740,1617599742.042,0.67,0.2273,0.63,0.2421
model-1617599740,1617599742.06,0.62,0.2338,0.6,0.2518
model-1617599740,1617599742.077,0.6,0.2456,0.55,0.2514
model-1617599740,1617599742.095,0.58,0.2377,0.58,0.233
model-1617599740,1617599742.113,0.51,0.2549,0.64,0.2246
model-1617599740,1617599742.135,0.56,0.242,0.47,0.2611
model-1617599740,1617599742.152,0.52,0.2507,0.53,0.2542
model-1617599740,1617599742.17,0.54,0.2419,0.57,0.2414
model-1617599740,1617599742.19,0.59,0.2395,0.57,0.2456
model-1617599740,1617599742.209,0.52,0.2418,0.67,0.2283
model-1617599740,1617599742.226,0.65,0.2337,0.62,0.2384
model-1617599740,1617599742.247,0.54,0.2383,0.57,0.2444
model-1617599740,1617599742.265,0.57,0.2489,0.57,0.2487
model-1617599740,1617599742.285,0.59,0.2465,0.59,0.2392
model-1617599740,1617599742.303,0.59,0.2437,0.57,0.2482
model-1617599740,1617599742.323,0.65,0.2405,0.51,0.247
model-1617599740,1617599742.341,0.61,0.2351,0.61,0.229
model-1617599740,1617599742.365,0.62,0.2275,0.6,0.2435
model-1617599740,1617599742.383,0.52,0.2455,0.55,0.2437
model-1617599740,1617599742.401,0.58,0.2461,0.56,0.2594
model-1617599740,1617599742.421,0.55,0.2435,0.49,0.2524
model-1617599740,1617599742.439,0.51,0.2499,0.52,0.247
model-1617599740,1617599742.456,0.61,0.2402,0.57,0.2419
model-1617599740,1617599742.477,0.61,0.2418,0.58,0.2467
model-1617599740,1617599742.494,0.55,0.2422,0.63,0.2375
model-1617599740,1617599742.512,0.54,0.246,0.6,0.2348
model-1617599740,1617599742.529,0.47,0.2543,0.62,0.2437
model-1617599740,1617599742.546,0.56,0.2445,0.56,0.2413
model-1617599740,1617599742.564,0.49,0.25,0.55,0.2449
model-1617599740,1617599742.585,0.65,0.2281,0.51,0.2484
model-1617599740,1617599742.603,0.57,0.2408,0.63,0.2355
model-1617599740,1617599742.623,0.57,0.2485,0.54,0.2464
model-1617599740,1617599742.641,0.53,0.2486,0.55,0.2464
model-1617599740,1617599742.659,0.48,0.2486,0.56,0.2518
model-1617599740,1617599742.677,0.62,0.2387,0.6,0.2355
model-1617599740,1617599742.698,0.63,0.2297,0.53,0.2524
model-1617599740,1617599742.715,0.54,0.2478,0.55,0.2412
model-1617599740,1617599742.733,0.59,0.237,0.54,0.2421
model-1617599740,1617599742.751,0.59,0.2337,0.57,0.2426
model-1617599740,1617599742.768,0.58,0.2454,0.58,0.2351
model-1617599740,1617599742.787,0.59,0.2366,0.57,0.2387
model-1617599740,1617599742.809,0.45,0.2544,0.61,0.2466
model-1617599740,1617599742.827,0.6,0.238,0.61,0.2345
model-1617599740,1617599742.845,0.59,0.2376,0.56,0.2507
model-1617599740,1617599742.863,0.62,0.2421,0.57,0.2489
model-1617599740,1617599742.881,0.58,0.2395,0.61,0.2457
model-1617599740,1617599742.898,0.62,0.2418,0.63,0.2364
model-1617599740,1617599742.92,0.56,0.2375,0.64,0.2285
model-1617599740,1617599742.937,0.66,0.23,0.61,0.2393
model-1617599740,1617599742.956,0.56,0.2392,0.54,0.2399
model-1617599740,1617599742.974,0.57,0.2436,0.58,0.2398
model-1617599740,1617599742.993,0.51,0.2522,0.5,0.2584
model-1617599740,1617599743.011,0.6,0.2414,0.62,0.2322
model-1617599740,1617599743.033,0.62,0.2332,0.63,0.237
model-1617599740,1617599743.051,0.54,0.2431,0.68,0.2238
model-1617599740,1617599743.068,0.65,0.2413,0.41,0.2689
model-1617599740,1617599743.086,0.57,0.2476,0.53,0.2431
model-1617599740,1617599743.104,0.58,0.2471,0.65,0.2445
model-1617599740,1617599743.122,0.56,0.2371,0.53,0.2516
model-1617599740,1617599743.143,0.61,0.243,0.55,0.2491
model-1617599740,1617599743.16,0.64,0.2473,0.64,0.2275
model-1617599740,1617599743.178,0.63,0.2433,0.66,0.237
model-1617599740,1617599743.196,0.63,0.2389,0.6,0.2409
model-1617599740,1617599743.215,0.59,0.2406,0.58,0.2394
model-1617599740,1617599743.232,0.64,0.2353,0.61,0.2321
model-1617599740,1617599743.254,0.59,0.2424,0.53,0.2425
model-1617599740,1617599743.272,0.55,0.2434,0.56,0.2374
model-1617599740,1617599743.29,0.53,0.2479,0.54,0.2441
model-1617599740,1617599743.307,0.55,0.2432,0.58,0.2383
model-1617599740,1617599743.325,0.61,0.2373,0.53,0.2409
model-1617599740,1617599743.342,0.55,0.2578,0.69,0.2242
model-1617599740,1617599743.367,0.47,0.257,0.63,0.2297
model-1617599740,1617599743.384,0.61,0.2375,0.58,0.2419
model-1617599740,1617599743.402,0.61,0.2348,0.47,0.2474
model-1617599740,1617599743.421,0.58,0.2382,0.58,0.2366
model-1617599740,1617599743.442,0.52,0.2506,0.59,0.2224
model-1617599740,1617599743.461,0.6,0.2327,0.6,0.2286
model-1617599740,1617599743.483,0.62,0.2324,0.64,0.2285
model-1617599740,1617599743.501,0.7,0.2192,0.58,0.236
model-1617599740,1617599743.519,0.57,0.2352,0.47,0.2554
model-1617599740,1617599743.537,0.57,0.2491,0.49,0.266
model-1617599740,1617599743.556,0.64,0.2277,0.63,0.2339
model-1617599740,1617599743.574,0.6,0.2362,0.55,0.2533
model-1617599740,1617599743.596,0.6,0.2434,0.64,0.2293
model-1617599740,1617599743.616,0.64,0.2339,0.56,0.2475
model-1617599740,1617599743.638,0.61,0.2353,0.59,0.2321
model-1617599740,1617599743.656,0.56,0.2388,0.68,0.2188
model-1617599740,1617599743.674,0.56,0.2383,0.57,0.2494
model-1617599740,1617599743.692,0.61,0.2322,0.6,0.2283
model-1617599740,1617599743.713,0.5,0.2543,0.62,0.2352
model-1617599740,1617599743.732,0.57,0.2341,0.52,0.2556
model-1617599740,1617599743.749,0.56,0.242,0.59,0.2267
model-1617599740,1617599743.767,0.63,0.236,0.63,0.2395
model-1617599740,1617599743.785,0.57,0.2401,0.69,0.2197
model-1617599740,1617599743.803,0.63,0.2258,0.6,0.2412
model-1617599740,1617599743.824,0.63,0.231,0.56,0.2461
model-1617599740,1617599743.842,0.62,0.2405,0.6,0.2391
model-1617599740,1617599743.86,0.59,0.2448,0.58,0.2322
model-1617599740,1617599743.878,0.61,0.2412,0.46,0.2757
model-1617599740,1617599743.896,0.55,0.2426,0.51,0.259
model-1617599740,1617599743.913,0.57,0.2422,0.57,0.2369
model-1617599740,1617599743.934,0.59,0.2371,0.58,0.2329
model-1617599740,1617599743.952,0.52,0.2427,0.65,0.2304
model-1617599740,1617599743.969,0.7,0.2214,0.49,0.2519
model-1617599740,1617599743.987,0.51,0.248,0.61,0.2365
model-1617599740,1617599744.004,0.62,0.2268,0.5,0.2395
model-1617599740,1617599744.022,0.55,0.235,0.61,0.2378
model-1617599740,1617599744.042,0.51,0.2395,0.59,0.2374
model-1617599740,1617599744.059,0.59,0.2365,0.55,0.2529
model-1617599740,1617599744.079,0.5,0.2446,0.59,0.2388
model-1617599740,1617599744.096,0.59,0.2429,0.65,0.232
model-1617599740,1617599744.114,0.6,0.2372,0.62,0.2341
model-1617599740,1617599744.132,0.57,0.24,0.56,0.2427
model-1617599740,1617599744.153,0.65,0.2335,0.62,0.2334
model-1617599740,1617599744.17,0.65,0.2336,0.55,0.2492
model-1617599740,1617599744.187,0.6,0.2357,0.57,0.2503
model-1617599740,1617599744.205,0.57,0.2385,0.54,0.2397
model-1617599740,1617599744.222,0.52,0.2509,0.66,0.231
model-1617599740,1617599744.24,0.65,0.2343,0.59,0.2477
model-1617599740,1617599744.26,0.57,0.2431,0.59,0.2347
model-1617599740,1617599744.278,0.6,0.2423,0.63,0.223
model-1617599740,1617599744.295,0.63,0.2302,0.61,0.2395
model-1617599740,1617599744.313,0.56,0.2502,0.66,0.2188
model-1617599740,1617599744.33,0.51,0.243,0.55,0.2553
model-1617599740,1617599744.348,0.58,0.2332,0.59,0.2425
model-1617599740,1617599744.368,0.56,0.2495,0.63,0.2239
model-1617599740,1617599744.386,0.61,0.2324,0.51,0.2616
model-1617599740,1617599744.403,0.58,0.2498,0.63,0.2329
model-1617599740,1617599744.421,0.51,0.2708,0.57,0.2466
model-1617599740,1617599744.441,0.59,0.2417,0.6,0.2385
model-1617599740,1617599744.461,0.62,0.24,0.57,0.2469
model-1617599740,1617599744.482,0.67,0.2258,0.53,0.2499
model-1617599740,1617599744.499,0.55,0.2392,0.59,0.2368
model-1617599740,1617599744.517,0.63,0.2367,0.67,0.2336
model-1617599740,1617599744.534,0.6,0.2295,0.57,0.2348
model-1617599740,1617599744.552,0.6,0.2308,0.56,0.2438
model-1617599740,1617599744.57,0.62,0.2305,0.46,0.2634
model-1617599740,1617599744.591,0.63,0.226,0.59,0.2402
model-1617599740,1617599744.609,0.62,0.2374,0.54,0.2435
model-1617599740,1617599744.621,0.6,0.2374,0.58,0.2311
model-1617599740,1617599744.645,0.57,0.2366,0.59,0.2373
model-1617599740,1617599744.663,0.64,0.2342,0.55,0.2417
model-1617599740,1617599744.681,0.53,0.24,0.57,0.2357
model-1617599740,1617599744.699,0.66,0.2252,0.58,0.2366
model-1617599740,1617599744.717,0.6,0.2274,0.58,0.2413
model-1617599740,1617599744.735,0.62,0.2338,0.59,0.2452
model-1617599740,1617599744.756,0.58,0.2438,0.6,0.2288
model-1617599740,1617599744.775,0.67,0.2196,0.55,0.2477
model-1617599740,1617599744.793,0.64,0.2324,0.54,0.2393
model-1617599740,1617599744.81,0.49,0.2439,0.66,0.2289
model-1617599740,1617599744.831,0.56,0.2438,0.63,0.2309
model-1617599740,1617599744.848,0.61,0.2353,0.58,0.244
model-1617599740,1617599744.869,0.61,0.2308,0.58,0.2437
model-1617599740,1617599744.887,0.49,0.2592,0.61,0.2298
model-1617599740,1617599744.904,0.48,0.2488,0.57,0.24
model-1617599740,1617599744.922,0.56,0.2392,0.55,0.2447
model-1617599740,1617599744.94,0.57,0.2412,0.56,0.2343
model-1617599740,1617599744.957,0.59,0.2397,0.53,0.2478
model-1617599740,1617599744.979,0.59,0.2341,0.51,0.2512
model-1617599740,1617599744.996,0.63,0.2357,0.61,0.2346
model-1617599740,1617599745.014,0.61,0.2349,0.6,0.2249
model-1617599740,1617599745.032,0.55,0.2448,0.59,0.2317
model-1617599740,1617599745.05,0.6,0.2438,0.54,0.2333
model-1617599740,1617599745.068,0.52,0.2475,0.59,0.2437
model-1617599740,1617599745.089,0.54,0.2451,0.69,0.2242
model-1617599740,1617599745.107,0.65,0.2233,0.55,0.2436
model-1617599740,1617599745.125,0.6,0.2434,0.6,0.2341
model-1617599740,1617599745.142,0.59,0.2359,0.59,0.2355
model-1617599740,1617599745.16,0.63,0.2327,0.7,0.2151
model-1617599740,1617599745.18,0.56,0.2443,0.72,0.2177
model-1617599740,1617599745.202,0.66,0.2298,0.56,0.2615
model-1617599740,1617599745.22,0.58,0.2434,0.59,0.233
model-1617599740,1617599745.238,0.54,0.2512,0.66,0.2209
model-1617599740,1617599745.256,0.56,0.2445,0.64,0.2333
model-1617599740,1617599745.274,0.62,0.2225,0.7,0.2116
model-1617599740,1617599745.292,0.55,0.2459,0.63,0.2247
model-1617599740,1617599745.312,0.58,0.2483,0.6,0.2425
model-1617599740,1617599745.331,0.59,0.2366,0.55,0.2526
model-1617599740,1617599745.349,0.69,0.2209,0.55,0.2562
model-1617599740,1617599745.366,0.65,0.2202,0.6,0.2556
model-1617599740,1617599745.384,0.63,0.2361,0.6,0.2443
model-1617599740,1617599745.401,0.56,0.2412,0.62,0.2344
model-1617599740,1617599745.422,0.64,0.2262,0.58,0.2377
model-1617599740,1617599745.44,0.57,0.2403,0.61,0.2343
model-1617599740,1617599745.46,0.55,0.235,0.63,0.2283
model-1617599740,1617599745.479,0.63,0.2349,0.62,0.234
model-1617599740,1617599745.497,0.64,0.2259,0.58,0.2354
model-1617599740,1617599745.515,0.62,0.231,0.65,0.2315
model-1617599740,1617599745.537,0.48,0.2587,0.55,0.2421
model-1617599740,1617599745.558,0.61,0.2328,0.56,0.2287
model-1617599740,1617599745.576,0.62,0.2247,0.61,0.2307
model-1617599740,1617599745.594,0.62,0.2347,0.64,0.2262
model-1617599740,1617599745.612,0.62,0.2342,0.61,0.2251
model-1617599740,1617599745.63,0.49,0.253,0.66,0.222
model-1617599740,1617599745.651,0.52,0.2573,0.66,0.2124
model-1617599740,1617599745.668,0.6,0.2257,0.52,0.2521
model-1617599740,1617599745.686,0.57,0.2411,0.64,0.2294
model-1617599740,1617599745.703,0.6,0.2407,0.63,0.2236
model-1617599740,1617599745.721,0.6,0.238,0.58,0.2314
model-1617599740,1617599745.739,0.59,0.2346,0.55,0.2551
model-1617599740,1617599745.759,0.55,0.2548,0.61,0.2264
model-1617599740,1617599745.778,0.54,0.2566,0.65,0.2168
model-1617599740,1617599745.795,0.48,0.2735,0.54,0.2451
model-1617599740,1617599745.813,0.55,0.2557,0.62,0.2148
model-1617599740,1617599745.83,0.61,0.2335,0.62,0.2286
model-1617599740,1617599745.847,0.66,0.2192,0.58,0.2346
model-1617599740,1617599745.868,0.55,0.251,0.62,0.2317
model-1617599740,1617599745.885,0.55,0.2503,0.63,0.2339
model-1617599740,1617599745.905,0.62,0.2373,0.56,0.2525
model-1617599740,1617599745.924,0.55,0.2402,0.55,0.2325
model-1617599740,1617599745.942,0.54,0.2376,0.54,0.2398
model-1617599740,1617599745.96,0.53,0.243,0.52,0.2479
model-1617599740,1617599745.98,0.64,0.2322,0.64,0.227
model-1617599740,1617599745.998,0.57,0.2515,0.61,0.236
model-1617599740,1617599746.016,0.59,0.2346,0.68,0.2167
model-1617599740,1617599746.033,0.53,0.2471,0.62,0.2324
model-1617599740,1617599746.051,0.57,0.2372,0.54,0.2402
model-1617599740,1617599746.069,0.56,0.236,0.51,0.2439
model-1617599740,1617599746.09,0.72,0.2176,0.6,0.2354
model-1617599740,1617599746.108,0.52,0.2499,0.6,0.2367
model-1617599740,1617599746.126,0.62,0.2332,0.66,0.2268
model-1617599740,1617599746.143,0.62,0.234,0.56,0.2312
model-1617599740,1617599746.16,0.64,0.2243,0.63,0.23
model-1617599740,1617599746.178,0.73,0.2148,0.6,0.2328
model-1617599740,1617599746.199,0.61,0.2252,0.49,0.2537
model-1617599740,1617599746.216,0.6,0.2173,0.68,0.2261
model-1617599740,1617599746.234,0.57,0.2316,0.57,0.2422
model-1617599740,1617599746.252,0.56,0.2508,0.55,0.2513
model-1617599740,1617599746.272,0.64,0.2347,0.65,0.2165
model-1617599740,1617599746.29,0.62,0.2347,0.72,0.2013
model-1617599740,1617599746.311,0.62,0.2176,0.48,0.2635
model-1617599740,1617599746.328,0.56,0.2259,0.53,0.2511
model-1617599740,1617599746.346,0.59,0.2298,0.63,0.2235
model-1617599740,1617599746.364,0.7,0.2235,0.52,0.2547
model-1617599740,1617599746.382,0.71,0.2099,0.73,0.2118
model-1617599740,1617599746.4,0.73,0.2071,0.66,0.2201
model-1617599740,1617599746.42,0.56,0.2436,0.61,0.2331
model-1617599740,1617599746.437,0.58,0.2402,0.59,0.2417
model-1617599740,1617599746.454,0.55,0.2402,0.64,0.2203
model-1617599740,1617599746.475,0.64,0.2282,0.62,0.2356
model-1617599740,1617599746.493,0.54,0.2439,0.56,0.2457
model-1617599740,1617599746.511,0.69,0.2252,0.64,0.2178
model-1617599740,1617599746.535,0.62,0.2287,0.61,0.2382
model-1617599740,1617599746.552,0.66,0.2222,0.6,0.2295
model-1617599740,1617599746.57,0.6,0.2368,0.62,0.2419
model-1617599740,1617599746.587,0.65,0.2273,0.6,0.2397
model-1617599740,1617599746.604,0.64,0.234,0.67,0.2242
model-1617599740,1617599746.622,0.58,0.2538,0.65,0.2134
model-1617599740,1617599746.645,0.63,0.2288,0.59,0.2338
model-1617599740,1617599746.662,0.62,0.2434,0.65,0.2355
model-1617599740,1617599746.68,0.6,0.2282,0.57,0.2347
model-1617599740,1617599746.698,0.64,0.223,0.64,0.2251
model-1617599740,1617599746.715,0.64,0.2073,0.63,0.2389
model-1617599740,1617599746.734,0.67,0.2223,0.59,0.2263
model-1617599740,1617599746.754,0.57,0.2396,0.67,0.2157
model-1617599740,1617599746.772,0.7,0.2134,0.7,0.2128
model-1617599740,1617599746.792,0.63,0.2265,0.66,0.2175
model-1617599740,1617599746.809,0.64,0.2249,0.58,0.2286
model-1617599740,1617599746.827,0.72,0.2069,0.63,0.2338
model-1617599740,1617599746.845,0.61,0.2348,0.61,0.2302
model-1617599740,1617599746.865,0.61,0.2314,0.56,0.2411
model-1617599740,1617599746.883,0.62,0.2407,0.73,0.2019
model-1617599740,1617599746.901,0.68,0.2176,0.68,0.2193
model-1617599740,1617599746.919,0.67,0.2133,0.58,0.2304
model-1617599740,1617599746.937,0.7,0.2084,0.66,0.2093
model-1617599740,1617599746.954,0.64,0.2233,0.67,0.2178
model-1617599740,1617599746.975,0.66,0.22,0.6,0.2343
model-1617599740,1617599746.994,0.6,0.2304,0.65,0.2092
model-1617599740,1617599747.011,0.68,0.2158,0.66,0.2233
model-1617599740,1617599747.029,0.54,0.236,0.6,0.2376
model-1617599740,1617599747.047,0.67,0.2036,0.6,0.2295
model-1617599740,1617599747.065,0.62,0.231,0.72,0.1996
model-1617599740,1617599747.087,0.69,0.2088,0.64,0.2081
model-1617599740,1617599747.104,0.57,0.2526,0.69,0.219
model-1617599740,1617599747.122,0.61,0.2484,0.64,0.2169
model-1617599740,1617599747.14,0.66,0.2234,0.63,0.2156
model-1617599740,1617599747.158,0.63,0.2216,0.61,0.241
model-1617599740,1617599747.175,0.63,0.2156,0.57,0.242
model-1617599740,1617599747.197,0.68,0.2051,0.69,0.2069
model-1617599740,1617599747.214,0.52,0.2699,0.72,0.1848
model-1617599740,1617599747.232,0.58,0.2392,0.59,0.2275
model-1617599740,1617599747.25,0.64,0.2276,0.58,0.2447
model-1617599740,1617599747.268,0.68,0.215,0.66,0.2175
model-1617599740,1617599747.285,0.63,0.2292,0.67,0.2298
model-1617599740,1617599747.305,0.69,0.2067,0.6,0.2401
model-1617599740,1617599747.323,0.61,0.2347,0.63,0.2116
model-1617599740,1617599747.341,0.62,0.2309,0.69,0.2111
model-1617599740,1617599747.36,0.75,0.202,0.58,0.2293
model-1617599740,1617599747.379,0.64,0.2239,0.65,0.224
model-1617599740,1617599747.396,0.64,0.2349,0.68,0.1949
model-1617599740,1617599747.417,0.68,0.2098,0.62,0.2368
model-1617599740,1617599747.436,0.65,0.2223,0.67,0.2074
model-1617599740,1617599747.454,0.58,0.2396,0.62,0.2314
model-1617599740,1617599747.472,0.72,0.203,0.69,0.2049
model-1617599740,1617599747.493,0.63,0.2108,0.71,0.2023
model-1617599740,1617599747.511,0.65,0.2245,0.71,0.1974
model-1617599740,1617599747.533,0.61,0.2491,0.65,0.2174
model-1617599740,1617599747.551,0.58,0.245,0.57,0.2478
model-1617599740,1617599747.568,0.61,0.2231,0.58,0.2401
model-1617599740,1617599747.586,0.69,0.207,0.6,0.2163
model-1617599740,1617599747.604,0.73,0.1977,0.69,0.2039
model-1617599740,1617599747.623,0.6,0.2405,0.68,0.2085
model-1617599740,1617599747.646,0.73,0.1961,0.66,0.2152
model-1617599740,1617599747.664,0.65,0.2238,0.68,0.2166
model-1617599740,1617599747.684,0.69,0.1974,0.59,0.2277
model-1617599740,1617599747.702,0.67,0.2037,0.59,0.2642
model-1617599740,1617599747.721,0.64,0.2134,0.71,0.202
model-1617599740,1617599747.743,0.59,0.226,0.61,0.2316
model-1617599740,1617599747.765,0.69,0.1992,0.62,0.2241
model-1617599740,1617599747.785,0.59,0.2316,0.64,0.2234
model-1617599740,1617599747.804,0.67,0.2077,0.66,0.2006
model-1617599740,1617599747.822,0.62,0.2234,0.73,0.1969
model-1617599740,1617599747.84,0.58,0.2547,0.62,0.2255
model-1617599740,1617599747.858,0.64,0.2252,0.72,0.1942
model-1617599740,1617599747.88,0.67,0.2195,0.64,0.2233
model-1617599740,1617599747.897,0.64,0.2267,0.56,0.2444
model-1617599740,1617599747.915,0.64,0.2227,0.68,0.2163
model-1617599740,1617599747.933,0.7,0.1996,0.69,0.2054
model-1617599740,1617599747.951,0.7,0.1951,0.72,0.1972
model-1617599740,1617599747.968,0.65,0.2241,0.68,0.2141
model-1617599740,1617599747.99,0.68,0.2067,0.7,0.2058
model-1617599740,1617599748.007,0.67,0.2105,0.68,0.1977
model-1617599740,1617599748.025,0.67,0.2084,0.65,0.2116
model-1617599740,1617599748.043,0.68,0.201,0.56,0.2409
model-1617599740,1617599748.062,0.7,0.2091,0.59,0.223
model-1617599740,1617599748.081,0.62,0.2311,0.71,0.1971
model-1617599740,1617599748.103,0.61,0.2339,0.62,0.2131
model-1617599740,1617599748.122,0.67,0.2032,0.67,0.2018
model-1617599740,1617599748.141,0.65,0.2315,0.63,0.2318
model-1617599740,1617599748.16,0.7,0.2024,0.75,0.1928
model-1617599740,1617599748.179,0.67,0.2052,0.72,0.1985
model-1617599740,1617599748.197,0.62,0.2383,0.69,0.2087
model-1617599740,1617599748.219,0.64,0.2301,0.58,0.2368
model-1617599740,1617599748.238,0.59,0.2519,0.64,0.2367
model-1617599740,1617599748.257,0.66,0.2196,0.7,0.1932
model-1617599740,1617599748.275,0.65,0.2252,0.68,0.2135
model-1617599740,1617599748.294,0.64,0.233,0.69,0.188
model-1617599740,1617599748.313,0.66,0.2295,0.62,0.223
model-1617599740,1617599748.336,0.65,0.2269,0.78,0.1878
model-1617599740,1617599748.355,0.66,0.2102,0.7,0.2223
model-1617599740,1617599748.374,0.67,0.2063,0.69,0.2074
model-1617599740,1617599748.392,0.59,0.2352,0.74,0.182
model-1617599740,1617599748.411,0.66,0.2002,0.74,0.1875
model-1617599740,1617599748.429,0.66,0.2174,0.69,0.2046
model-1617599740,1617599748.453,0.69,0.211,0.68,0.2088
model-1617599740,1617599748.471,0.65,0.211,0.66,0.2012
model-1617599740,1617599748.493,0.69,0.212,0.73,0.2046
model-1617599740,1617599748.513,0.65,0.2129,0.74,0.1909
model-1617599740,1617599748.532,0.7,0.1938,0.63,0.2347
model-1617599740,1617599748.55,0.6,0.2389,0.66,0.2267
model-1617599740,1617599748.572,0.67,0.2214,0.65,0.226
model-1617599740,1617599748.591,0.72,0.1947,0.65,0.2312
model-1617599740,1617599748.609,0.73,0.1905,0.67,0.2088
model-1617599740,1617599748.628,0.68,0.2108,0.6,0.2282
model-1617599740,1617599748.647,0.73,0.1927,0.62,0.2225
model-1617599740,1617599748.665,0.64,0.2273,0.68,0.2102
model-1617599740,1617599748.689,0.69,0.2119,0.68,0.2138
model-1617599740,1617599748.707,0.68,0.2049,0.73,0.1835
model-1617599740,1617599748.726,0.63,0.2301,0.74,0.1988
model-1617599740,1617599748.745,0.63,0.2328,0.68,0.2095
model-1617599740,1617599748.763,0.64,0.2103,0.65,0.2237
model-1617599740,1617599748.782,0.67,0.2035,0.62,0.2445
model-1617599740,1617599748.804,0.67,0.2235,0.62,0.2189
model-1617599740,1617599748.824,0.7,0.2027,0.65,0.2225
model-1617599740,1617599748.838,0.64,0.2095,0.71,0.2005
model-1617599740,1617599748.864,0.57,0.2569,0.58,0.2374
model-1617599740,1617599748.884,0.62,0.2218,0.62,0.2175
model-1617599740,1617599748.903,0.76,0.1813,0.67,0.2096
model-1617599740,1617599748.921,0.7,0.2221,0.67,0.2071
model-1617599740,1617599748.94,0.77,0.1899,0.63,0.2254
model-1617599740,1617599748.958,0.7,0.2026,0.69,0.2084
model-1617599740,1617599748.979,0.63,0.2303,0.72,0.1935
model-1617599740,1617599748.996,0.68,0.2012,0.61,0.2341
model-1617599740,1617599749.014,0.66,0.22,0.63,0.2229
model-1617599740,1617599749.031,0.66,0.2156,0.7,0.2003
model-1617599740,1617599749.049,0.7,0.2205,0.62,0.2013
model-1617599740,1617599749.067,0.69,0.2099,0.68,0.2333
model-1617599740,1617599749.088,0.69,0.2181,0.63,0.229
model-1617599740,1617599749.105,0.69,0.2119,0.72,0.1909
model-1617599740,1617599749.123,0.65,0.2064,0.7,0.1882
model-1617599740,1617599749.14,0.69,0.2045,0.66,0.2079
model-1617599740,1617599749.158,0.65,0.2048,0.77,0.1736
model-1617599740,1617599749.175,0.73,0.1786,0.64,0.2171
model-1617599740,1617599749.195,0.68,0.2159,0.63,0.2232
model-1617599740,1617599749.213,0.61,0.2244,0.71,0.1911
model-1617599740,1617599749.231,0.71,0.198,0.67,0.2251
model-1617599740,1617599749.249,0.64,0.2189,0.66,0.2141
model-1617599740,1617599749.266,0.68,0.2168,0.66,0.1992
model-1617599740,1617599749.284,0.66,0.2049,0.74,0.1934
model-1617599740,1617599749.304,0.64,0.229,0.77,0.1802
model-1617599740,1617599749.323,0.66,0.2081,0.64,0.2479
model-1617599740,1617599749.344,0.56,0.2363,0.63,0.2193
model-1617599740,1617599749.362,0.69,0.1924,0.66,0.2056
model-1617599740,1617599749.38,0.65,0.2297,0.74,0.1913
model-1617599740,1617599749.397,0.62,0.2134,0.72,0.1842
model-1617599740,1617599749.417,0.68,0.2125,0.62,0.2464
model-1617599740,1617599749.434,0.68,0.2265,0.73,0.1903
model-1617599740,1617599749.452,0.65,0.228,0.75,0.1877
model-1617599740,1617599749.469,0.69,0.1906,0.71,0.2056
model-1617599740,1617599749.486,0.72,0.1834,0.75,0.1823
model-1617599740,1617599749.507,0.59,0.2235,0.64,0.2073
model-1617599740,1617599749.531,0.65,0.2338,0.65,0.2277
model-1617599740,1617599749.549,0.68,0.2041,0.65,0.2254
model-1617599740,1617599749.567,0.72,0.1827,0.65,0.2301
model-1617599740,1617599749.584,0.74,0.1882,0.59,0.228
model-1617599740,1617599749.602,0.73,0.1939,0.6,0.2267
model-1617599740,1617599749.619,0.73,0.1961,0.65,0.2074
model-1617599740,1617599749.64,0.68,0.2196,0.69,0.197
model-1617599740,1617599749.657,0.77,0.1839,0.77,0.1997
model-1617599740,1617599749.675,0.64,0.2259,0.72,0.1942
model-1617599740,1617599749.692,0.65,0.2339,0.68,0.2168
model-1617599740,1617599749.71,0.65,0.2291,0.71,0.2032
model-1617599740,1617599749.727,0.63,0.2259,0.72,0.1893
model-1617599740,1617599749.747,0.6,0.2236,0.7,0.1985
model-1617599740,1617599749.765,0.72,0.1938,0.72,0.1817
model-1617599740,1617599749.782,0.7,0.2076,0.69,0.2097
model-1617599740,1617599749.8,0.72,0.191,0.7,0.2009
model-1617599740,1617599749.818,0.74,0.1709,0.8,0.16
model-1617599740,1617599749.835,0.69,0.2136,0.76,0.1723
model-1617599740,1617599749.856,0.68,0.204,0.76,0.1708
model-1617599740,1617599749.874,0.72,0.1754,0.63,0.2259
model-1617599740,1617599749.891,0.7,0.2049,0.67,0.206
model-1617599740,1617599749.909,0.61,0.2307,0.71,0.1961
model-1617599740,1617599749.927,0.69,0.2092,0.68,0.2127
model-1617599740,1617599749.945,0.66,0.2147,0.59,0.2369
model-1617599740,1617599749.965,0.62,0.2341,0.71,0.1696
model-1617599740,1617599749.984,0.72,0.1767,0.68,0.208
model-1617599740,1617599750.002,0.63,0.2239,0.63,0.2174
model-1617599740,1617599750.019,0.63,0.2164,0.71,0.1923
model-1617599740,1617599750.037,0.67,0.215,0.72,0.1929
model-1617599740,1617599750.055,0.65,0.2211,0.69,0.186
model-1617599740,1617599750.075,0.66,0.2117,0.69,0.2064
model-1617599740,1617599750.093,0.75,0.1773,0.63,0.2183
model-1617599740,1617599750.111,0.73,0.1956,0.65,0.2166
model-1617599740,1617599750.128,0.71,0.2097,0.64,0.2159
model-1617599740,1617599750.146,0.68,0.2057,0.67,0.2076
model-1617599740,1617599750.164,0.68,0.2212,0.7,0.2021
model-1617599740,1617599750.184,0.69,0.205,0.78,0.1695
model-1617599740,1617599750.202,0.71,0.1861,0.61,0.2236
model-1617599740,1617599750.219,0.61,0.2284,0.7,0.1814
model-1617599740,1617599750.236,0.62,0.2412,0.7,0.1965
model-1617599740,1617599750.253,0.67,0.2124,0.67,0.2173
model-1617599740,1617599750.271,0.67,0.1995,0.67,0.2238
model-1617599740,1617599750.291,0.74,0.176,0.67,0.2014
model-1617599740,1617599750.309,0.71,0.2053,0.69,0.2008
model-1617599740,1617599750.327,0.7,0.2108,0.67,0.213
model-1617599740,1617599750.344,0.67,0.2182,0.7,0.1998
model-1617599740,1617599750.362,0.68,0.2166,0.72,0.1948
model-1617599740,1617599750.38,0.72,0.211,0.71,0.2227
model-1617599740,1617599750.4,0.71,0.2081,0.54,0.242
model-1617599740,1617599750.417,0.69,0.1985,0.64,0.2171
model-1617599740,1617599750.435,0.62,0.2232,0.71,0.1988
model-1617599740,1617599750.452,0.67,0.2119,0.64,0.2226
model-1617599740,1617599750.469,0.71,0.2141,0.7,0.1823
model-1617599740,1617599750.487,0.6,0.2326,0.73,0.1819
model-1617599740,1617599750.507,0.68,0.188,0.69,0.2132
model-1617599740,1617599750.527,0.7,0.1835,0.62,0.218
model-1617599740,1617599750.545,0.67,0.2182,0.72,0.1953
model-1617599740,1617599750.562,0.63,0.2198,0.59,0.2432
model-1617599740,1617599750.58,0.71,0.1924,0.67,0.199
model-1617599740,1617599750.597,0.66,0.2137,0.73,0.1868
model-1617599740,1617599750.617,0.66,0.2117,0.63,0.2143
model-1617599740,1617599750.635,0.63,0.231,0.66,0.2178
model-1617599740,1617599750.652,0.71,0.1956,0.71,0.2133
model-1617599740,1617599750.669,0.77,0.1831,0.71,0.1905
model-1617599740,1617599750.687,0.6,0.2214,0.65,0.2352
model-1617599740,1617599750.704,0.63,0.2441,0.65,0.2088
model-1617599740,1617599750.725,0.67,0.1946,0.69,0.1958
model-1617599740,1617599750.742,0.72,0.1905,0.64,0.2163
model-1617599740,1617599750.759,0.67,0.2067,0.63,0.2218
model-1617599740,1617599750.779,0.63,0.2114,0.67,0.2423
model-1617599740,1617599750.796,0.72,0.1858,0.67,0.2171
model-1617599740,1617599750.815,0.71,0.1943,0.66,0.1994
model-1617599740,1617599750.838,0.68,0.2218,0.65,0.2239
model-1617599740,1617599750.856,0.64,0.2249,0.69,0.2092
model-1617599740,1617599750.875,0.74,0.1963,0.73,0.1851
model-1617599740,1617599750.893,0.7,0.2014,0.6,0.2291
model-1617599740,1617599750.911,0.61,0.2308,0.69,0.1936
model-1617599740,1617599750.929,0.74,0.1834,0.72,0.2012
model-1617599740,1617599750.951,0.74,0.1775,0.74,0.1745
model-1617599740,1617599750.968,0.69,0.2028,0.72,0.186
model-1617599740,1617599750.986,0.66,0.211,0.6,0.24
model-1617599740,1617599751.003,0.66,0.2017,0.57,0.2295
model-1617599740,1617599751.021,0.7,0.1909,0.69,0.2233
model-1617599740,1617599751.038,0.67,0.2171,0.69,0.201
model-1617599740,1617599751.059,0.66,0.2127,0.61,0.2126
model-1617599740,1617599751.076,0.65,0.2141,0.77,0.1684
model-1617599740,1617599751.094,0.55,0.2633,0.69,0.2012
model-1617599740,1617599751.112,0.66,0.2233,0.62,0.2166
model-1617599740,1617599751.13,0.67,0.2049,0.72,0.191
model-1617599740,1617599751.148,0.63,0.2166,0.64,0.2003
model-1617599740,1617599751.168,0.74,0.1994,0.75,0.1941
model-1617599740,1617599751.186,0.65,0.2251,0.77,0.1804
model-1617599740,1617599751.203,0.6,0.228,0.72,0.1911
model-1617599740,1617599751.221,0.68,0.216,0.7,0.2105
model-1617599740,1617599751.238,0.64,0.2152,0.71,0.2086
model-1617599740,1617599751.256,0.72,0.1823,0.69,0.1864
model-1617599740,1617599751.276,0.72,0.1777,0.66,0.2002
model-1617599740,1617599751.294,0.73,0.1821,0.71,0.2009
model-1617599740,1617599751.311,0.65,0.2087,0.74,0.2026
model-1617599740,1617599751.329,0.74,0.1817,0.67,0.1903
model-1617599740,1617599751.348,0.71,0.1782,0.67,0.2174
model-1617599740,1617599751.367,0.67,0.2153,0.7,0.1909
model-1617599740,1617599751.388,0.66,0.2097,0.68,0.1898
model-1617599740,1617599751.405,0.64,0.2147,0.77,0.1639
model-1617599740,1617599751.424,0.7,0.1952,0.78,0.176
model-1617599740,1617599751.443,0.65,0.2272,0.66,0.2131
model-1617599740,1617599751.461,0.71,0.1935,0.69,0.1988
model-1617599740,1617599751.479,0.65,0.2059,0.73,0.1968
model-1617599740,1617599751.5,0.67,0.1972,0.7,0.1996
model-1617599740,1617599751.518,0.67,0.2231,0.7,0.2065
model-1617599740,1617599751.538,0.65,0.2039,0.74,0.1796
model-1617599740,1617599751.556,0.61,0.2229,0.69,0.2012
model-1617599740,1617599751.573,0.7,0.2148,0.72,0.1976
model-1617599740,1617599751.591,0.72,0.1977,0.77,0.1699
model-1617599740,1617599751.612,0.69,0.2173,0.63,0.2342
model-1617599740,1617599751.629,0.72,0.197,0.65,0.2016
model-1617599740,1617599751.647,0.66,0.2166,0.67,0.2181
model-1617599740,1617599751.665,0.7,0.1958,0.77,0.1774
model-1617599740,1617599751.684,0.69,0.2069,0.69,0.1831
model-1617599740,1617599751.702,0.68,0.2015,0.68,0.1889
model-1617599740,1617599751.723,0.62,0.2519,0.73,0.2017
model-1617599740,1617599751.741,0.67,0.2107,0.59,0.2326
model-1617599740,1617599751.759,0.71,0.1936,0.69,0.2199
model-1617599740,1617599751.779,0.67,0.226,0.78,0.1762
model-1617599740,1617599751.797,0.66,0.205,0.72,0.1897
model-1617599740,1617599751.815,0.75,0.1706,0.73,0.1923
model-1617599740,1617599751.835,0.7,0.1927,0.63,0.2202
model-1617599740,1617599751.853,0.67,0.2008,0.7,0.1939
model-1617599740,1617599751.871,0.62,0.2162,0.71,0.1936
model-1617599740,1617599751.889,0.67,0.203,0.63,0.2452
model-1617599740,1617599751.907,0.73,0.195,0.76,0.1694
model-1617599740,1617599751.924,0.63,0.2103,0.73,0.2043
model-1617599740,1617599751.945,0.7,0.2027,0.67,0.2009
model-1617599740,1617599751.963,0.8,0.1616,0.66,0.2119
model-1617599740,1617599751.983,0.72,0.1839,0.77,0.1712
model-1617599740,1617599752.0,0.69,0.1908,0.77,0.169
model-1617599740,1617599752.018,0.72,0.2022,0.76,0.1808
model-1617599740,1617599752.036,0.69,0.1873,0.73,0.1726
model-1617599740,1617599752.057,0.76,0.1703,0.71,0.1954
model-1617599740,1617599752.075,0.62,0.2088,0.7,0.2204
model-1617599740,1617599752.093,0.66,0.2284,0.7,0.1957
model-1617599740,1617599752.11,0.71,0.2228,0.66,0.195
model-1617599740,1617599752.127,0.66,0.2036,0.72,0.1723
model-1617599740,1617599752.145,0.65,0.2261,0.72,0.1853
model-1617599740,1617599752.165,0.63,0.2161,0.71,0.2045
model-1617599740,1617599752.183,0.75,0.1846,0.78,0.1616
model-1617599740,1617599752.2,0.62,0.2253,0.66,0.2032
model-1617599740,1617599752.218,0.71,0.185,0.66,0.2081
model-1617599740,1617599752.237,0.74,0.1729,0.7,0.1981
model-1617599740,1617599752.255,0.67,0.1961,0.72,0.1782
model-1617599740,1617599752.275,0.68,0.2135,0.76,0.1671
model-1617599740,1617599752.292,0.72,0.1758,0.78,0.1751
model-1617599740,1617599752.311,0.77,0.1675,0.78,0.1793
model-1617599740,1617599752.33,0.65,0.2137,0.75,0.1668
model-1617599740,1617599752.348,0.64,0.2197,0.73,0.1729
model-1617599740,1617599752.367,0.7,0.1916,0.72,0.1831
model-1617599740,1617599752.387,0.71,0.184,0.69,0.19
model-1617599740,1617599752.405,0.72,0.2034,0.65,0.2255
model-1617599740,1617599752.422,0.76,0.1729,0.75,0.1771
model-1617599740,1617599752.44,0.71,0.2059,0.75,0.1891
model-1617599740,1617599752.458,0.62,0.2308,0.81,0.1546
model-1617599740,1617599752.478,0.71,0.1939,0.71,0.1945
model-1617599740,1617599752.5,0.73,0.1806,0.82,0.1488
model-1617599740,1617599752.518,0.73,0.1897,0.73,0.1901
model-1617599740,1617599752.539,0.71,0.2014,0.75,0.1765
model-1617599740,1617599752.559,0.72,0.199,0.75,0.1538
model-1617599740,1617599752.577,0.69,0.2,0.77,0.1627
model-1617599740,1617599752.594,0.77,0.1692,0.73,0.185
model-1617599740,1617599752.615,0.7,0.2109,0.72,0.1816
model-1617599740,1617599752.632,0.69,0.1992,0.71,0.185
model-1617599740,1617599752.65,0.63,0.1995,0.81,0.1769
model-1617599740,1617599752.674,0.66,0.1969,0.74,0.1779
model-1617599740,1617599752.692,0.65,0.2141,0.68,0.1947
model-1617599740,1617599752.71,0.72,0.1922,0.65,0.1994
model-1617599740,1617599752.731,0.62,0.2082,0.68,0.2021
model-1617599740,1617599752.749,0.66,0.2061,0.73,0.1866
model-1617599740,1617599752.766,0.78,0.1731,0.71,0.1892
model-1617599740,1617599752.786,0.69,0.2005,0.67,0.2197
model-1617599740,1617599752.804,0.77,0.16,0.72,0.1912
model-1617599740,1617599752.821,0.64,0.224,0.77,0.1686
model-1617599740,1617599752.841,0.71,0.1974,0.75,0.1898
model-1617599740,1617599752.859,0.6,0.2353,0.82,0.1462
model-1617599740,1617599752.88,0.65,0.2223,0.75,0.1743
model-1617599740,1617599752.898,0.68,0.1939,0.72,0.1872
model-1617599740,1617599752.915,0.71,0.18,0.7,0.1868
model-1617599740,1617599752.936,0.69,0.2061,0.68,0.2124
model-1617599740,1617599752.956,0.75,0.1854,0.69,0.19
model-1617599740,1617599752.974,0.69,0.185,0.72,0.2026
model-1617599740,1617599752.987,0.68,0.1995,0.69,0.1894
model-1617599740,1617599753.011,0.76,0.1689,0.68,0.1994
model-1617599740,1617599753.029,0.68,0.1818,0.72,0.19
model-1617599740,1617599753.047,0.71,0.1871,0.68,0.2058
model-1617599740,1617599753.064,0.7,0.2033,0.7,0.1866
model-1617599740,1617599753.087,0.73,0.1922,0.67,0.2164
model-1617599740,1617599753.106,0.73,0.1659,0.74,0.1969
model-1617599740,1617599753.127,0.77,0.1628,0.72,0.17
model-1617599740,1617599753.144,0.66,0.2058,0.74,0.1923
model-1617599740,1617599753.162,0.65,0.2175,0.69,0.2053
model-1617599740,1617599753.179,0.74,0.1902,0.72,0.1757
model-1617599740,1617599753.196,0.67,0.1933,0.76,0.1738
model-1617599740,1617599753.214,0.71,0.1848,0.65,0.1921
model-1617599740,1617599753.234,0.69,0.2057,0.72,0.1914
model-1617599740,1617599753.251,0.72,0.1847,0.76,0.1724
model-1617599740,1617599753.269,0.69,0.1959,0.77,0.1695
model-1617599740,1617599753.286,0.69,0.2066,0.69,0.2007
model-1617599740,1617599753.304,0.71,0.177,0.81,0.1622
model-1617599740,1617599753.321,0.73,0.1916,0.72,0.2052
model-1617599740,1617599753.342,0.61,0.2232,0.73,0.1898
model-1617599740,1617599753.359,0.67,0.2234,0.75,0.1721
model-1617599740,1617599753.377,0.61,0.2456,0.72,0.2143
model-1617599740,1617599753.394,0.7,0.2215,0.69,0.2017
model-1617599740,1617599753.411,0.6,0.2153,0.74,0.1742
model-1617599740,1617599753.431,0.73,0.1913,0.72,0.159
model-1617599740,1617599753.453,0.71,0.1877,0.74,0.1621
model-1617599740,1617599753.471,0.74,0.1808,0.69,0.2187
model-1617599740,1617599753.489,0.71,0.1913,0.71,0.2112
model-1617599740,1617599753.506,0.7,0.1827,0.75,0.186
model-1617599740,1617599753.524,0.66,0.203,0.78,0.1706
model-1617599740,1617599753.542,0.64,0.205,0.76,0.157
model-1617599740,1617599753.566,0.73,0.193,0.66,0.2091
model-1617599740,1617599753.584,0.66,0.2229,0.75,0.1761
model-1617599740,1617599753.601,0.79,0.1479,0.76,0.1822
model-1617599740,1617599753.619,0.77,0.169,0.79,0.1724
model-1617599740,1617599753.637,0.7,0.2008,0.74,0.1826
model-1617599740,1617599753.655,0.74,0.1804,0.69,0.2069
model-1617599740,1617599753.676,0.75,0.1823,0.68,0.2058
model-1617599740,1617599753.694,0.64,0.2194,0.69,0.1956
model-1617599740,1617599753.712,0.81,0.1456,0.64,0.2157
model-1617599740,1617599753.729,0.72,0.1775,0.72,0.1873
model-1617599740,1617599753.747,0.63,0.2209,0.69,0.1882
model-1617599740,1617599753.765,0.69,0.1989,0.78,0.1637
model-1617599740,1617599753.786,0.68,0.202,0.64,0.1871
model-1617599740,1617599753.804,0.7,0.2099,0.74,0.1794
model-1617599740,1617599753.821,0.72,0.1828,0.72,0.1682
model-1617599740,1617599753.839,0.68,0.1889,0.73,0.1888
model-1617599740,1617599753.86,0.73,0.1826,0.77,0.1703
model-1617599740,1617599753.878,0.64,0.2175,0.76,0.1691
model-1617599740,1617599753.901,0.69,0.19,0.78,0.1676
model-1617599740,1617599753.921,0.68,0.1885,0.75,0.157
model-1617599740,1617599753.94,0.76,0.1668,0.71,0.1957
model-1617599740,1617599753.959,0.7,0.1768,0.69,0.1791
model-1617599740,1617599753.977,0.69,0.2179,0.83,0.1332
model-1617599740,1617599753.996,0.72,0.1929,0.81,0.144
model-1617599740,1617599754.018,0.7,0.1928,0.82,0.1468
model-1617599740,1617599754.037,0.73,0.1859,0.69,0.2081
model-1617599740,1617599754.056,0.72,0.1922,0.71,0.175
model-1617599740,1617599754.075,0.76,0.1683,0.8,0.1569
model-1617599740,1617599754.094,0.68,0.2093,0.72,0.1969
model-1617599740,1617599754.112,0.76,0.1587,0.67,0.2135
model-1617599740,1617599754.141,0.65,0.2311,0.77,0.1655
model-1617599740,1617599754.162,0.74,0.1749,0.76,0.1774
model-1617599740,1617599754.181,0.69,0.212,0.68,0.213
model-1617599740,1617599754.2,0.72,0.1882,0.67,0.1999
model-1617599740,1617599754.218,0.6,0.2491,0.7,0.1818
model-1617599740,1617599754.236,0.72,0.1928,0.72,0.1777
model-1617599740,1617599754.258,0.77,0.1502,0.66,0.2031
model-1617599740,1617599754.277,0.71,0.1899,0.75,0.1843
model-1617599740,1617599754.295,0.66,0.2147,0.72,0.1886
model-1617599740,1617599754.313,0.72,0.2013,0.7,0.1964
model-1617599740,1617599754.33,0.69,0.1994,0.69,0.1938
model-1617599740,1617599754.35,0.68,0.197,0.71,0.1876
model-1617599740,1617599754.37,0.7,0.2017,0.81,0.1532
model-1617599740,1617599754.388,0.67,0.2178,0.68,0.2015
model-1617599740,1617599754.405,0.7,0.2228,0.73,0.1785
model-1617599740,1617599754.422,0.73,0.1886,0.75,0.1798
model-1617599740,1617599754.44,0.68,0.2113,0.75,0.1859
model-1617599740,1617599754.458,0.71,0.2078,0.72,0.1946
model-1617599740,1617599754.478,0.65,0.2276,0.75,0.175
model-1617599740,1617599754.496,0.72,0.1959,0.74,0.1841
model-1617599740,1617599754.513,0.66,0.2229,0.7,0.2113
model-1617599740,1617599754.531,0.73,0.1822,0.7,0.1861
model-1617599740,1617599754.549,0.74,0.1888,0.76,0.1693
model-1617599740,1617599754.57,0.72,0.1914,0.7,0.2109
model-1617599740,1617599754.592,0.76,0.1826,0.59,0.2334
model-1617599740,1617599754.61,0.69,0.1994,0.65,0.2077
model-1617599740,1617599754.627,0.65,0.203,0.78,0.1737
model-1617599740,1617599754.645,0.68,0.2038,0.64,0.202
model-1617599740,1617599754.663,0.6,0.2369,0.69,0.1755
model-1617599740,1617599754.681,0.74,0.1881,0.72,0.1691
model-1617599740,1617599754.701,0.7,0.1879,0.67,0.2157
model-1617599740,1617599754.719,0.7,0.1899,0.7,0.1918
model-1617599740,1617599754.736,0.67,0.2101,0.77,0.1748
model-1617599740,1617599754.754,0.71,0.2005,0.69,0.2215
model-1617599740,1617599754.774,0.63,0.2256,0.65,0.1897
model-1617599740,1617599754.792,0.61,0.2302,0.7,0.1839
model-1617599740,1617599754.812,0.72,0.1819,0.68,0.1939
model-1617599740,1617599754.83,0.69,0.2023,0.73,0.1814
model-1617599740,1617599754.847,0.75,0.179,0.69,0.2019
model-1617599740,1617599754.865,0.72,0.1945,0.77,0.1718
model-1617599740,1617599754.883,0.71,0.1783,0.7,0.2203
model-1617599740,1617599754.9,0.67,0.1968,0.72,0.1908
model-1617599740,1617599754.92,0.67,0.2005,0.75,0.187
model-1617599740,1617599754.938,0.67,0.2023,0.68,0.2047
model-1617599740,1617599754.956,0.73,0.1898,0.71,0.1968
model-1617599740,1617599754.973,0.71,0.2156,0.73,0.2245
model-1617599740,1617599754.991,0.7,0.1981,0.72,0.1842
model-1617599740,1617599755.008,0.73,0.1778,0.7,0.1892
model-1617599740,1617599755.029,0.68,0.1843,0.67,0.2263
model-1617599740,1617599755.047,0.63,0.1996,0.7,0.1984
model-1617599740,1617599755.065,0.72,0.1849,0.74,0.1661
model-1617599740,1617599755.083,0.66,0.2228,0.6,0.2264
model-1617599740,1617599755.101,0.74,0.1628,0.75,0.1698
model-1617599740,1617599755.119,0.73,0.1889,0.72,0.1858
model-1617599740,1617599755.14,0.65,0.2096,0.79,0.1637
model-1617599740,1617599755.157,0.66,0.2216,0.73,0.1736
model-1617599740,1617599755.175,0.73,0.1766,0.63,0.2279
model-1617599740,1617599755.193,0.69,0.1799,0.68,0.1984
model-1617599740,1617599755.211,0.69,0.1894,0.68,0.2099
model-1617599740,1617599755.229,0.76,0.1592,0.73,0.1848
model-1617599740,1617599755.249,0.7,0.1867,0.69,0.1839
model-1617599740,1617599755.267,0.67,0.1923,0.8,0.1528
model-1617599740,1617599755.284,0.67,0.2095,0.7,0.1876
model-1617599740,1617599755.302,0.64,0.2277,0.74,0.1854
model-1617599740,1617599755.319,0.71,0.18,0.75,0.1667
model-1617599740,1617599755.337,0.75,0.1677,0.69,0.187
model-1617599740,1617599755.358,0.71,0.1832,0.74,0.1701
model-1617599740,1617599755.376,0.67,0.1988,0.79,0.1582
model-1617599740,1617599755.394,0.81,0.1657,0.76,0.1684
model-1617599740,1617599755.411,0.68,0.1989,0.7,0.1947
model-1617599740,1617599755.428,0.64,0.2124,0.71,0.1915
model-1617599740,1617599755.447,0.76,0.1772,0.71,0.1747
model-1617599740,1617599755.469,0.68,0.1999,0.74,0.1836
model-1617599740,1617599755.487,0.69,0.1867,0.73,0.1907
model-1617599740,1617599755.504,0.74,0.1679,0.74,0.1818
model-1617599740,1617599755.522,0.68,0.1989,0.74,0.1685
model-1617599740,1617599755.541,0.76,0.1764,0.68,0.2033
model-1617599740,1617599755.559,0.8,0.1551,0.7,0.1881
model-1617599740,1617599755.581,0.75,0.1698,0.68,0.1766
model-1617599740,1617599755.604,0.7,0.2043,0.78,0.1586
model-1617599740,1617599755.621,0.75,0.181,0.77,0.1608
model-1617599740,1617599755.639,0.7,0.195,0.69,0.1964
model-1617599740,1617599755.657,0.71,0.1802,0.78,0.1536
model-1617599740,1617599755.674,0.78,0.1615,0.73,0.1811
model-1617599740,1617599755.695,0.7,0.207,0.73,0.1956
model-1617599740,1617599755.713,0.71,0.1793,0.71,0.1824
model-1617599740,1617599755.73,0.7,0.1903,0.76,0.1588
model-1617599740,1617599755.748,0.72,0.196,0.75,0.1891
model-1617599740,1617599755.766,0.72,0.1929,0.78,0.1598
model-1617599740,1617599755.785,0.68,0.1915,0.76,0.1591
model-1617599740,1617599755.805,0.76,0.1507,0.67,0.212
model-1617599740,1617599755.825,0.73,0.1813,0.72,0.2162
model-1617599740,1617599755.842,0.71,0.201,0.71,0.2056
model-1617599740,1617599755.86,0.69,0.203,0.8,0.1513
model-1617599740,1617599755.878,0.72,0.1797,0.7,0.1805
model-1617599740,1617599755.895,0.66,0.2017,0.77,0.1609
model-1617599740,1617599755.916,0.72,0.1904,0.79,0.1557
model-1617599740,1617599755.934,0.64,0.2284,0.73,0.1796
model-1617599740,1617599755.951,0.72,0.184,0.71,0.1935
model-1617599740,1617599755.969,0.75,0.16,0.81,0.1467
model-1617599740,1617599755.986,0.69,0.1852,0.8,0.1551
model-1617599740,1617599756.003,0.71,0.1901,0.79,0.146
model-1617599740,1617599756.024,0.7,0.2152,0.63,0.2079
model-1617599740,1617599756.042,0.69,0.2044,0.74,0.1754
model-1617599740,1617599756.06,0.73,0.1901,0.77,0.1519
model-1617599740,1617599756.077,0.77,0.1585,0.69,0.1944
model-1617599740,1617599756.095,0.77,0.1626,0.79,0.1536
model-1617599740,1617599756.113,0.66,0.1952,0.68,0.2106
model-1617599740,1617599756.133,0.76,0.1704,0.66,0.1981
model-1617599740,1617599756.151,0.74,0.2006,0.76,0.1909
model-1617599740,1617599756.168,0.64,0.2219,0.8,0.1438
model-1617599740,1617599756.186,0.68,0.1996,0.7,0.1979
model-1617599740,1617599756.207,0.78,0.1708,0.76,0.1638
model-1617599740,1617599756.224,0.71,0.2042,0.73,0.1699
model-1617599740,1617599756.246,0.7,0.1963,0.73,0.1782
model-1617599740,1617599756.263,0.75,0.1688,0.66,0.2063
model-1617599740,1617599756.281,0.66,0.1927,0.74,0.1877
model-1617599740,1617599756.298,0.69,0.1949,0.78,0.1647
model-1617599740,1617599756.316,0.62,0.2243,0.76,0.157
model-1617599740,1617599756.334,0.68,0.2214,0.77,0.1642
model-1617599740,1617599756.355,0.66,0.2244,0.74,0.2026
model-1617599740,1617599756.372,0.7,0.2033,0.79,0.1679
model-1617599740,1617599756.39,0.73,0.1851,0.71,0.1895
model-1617599740,1617599756.407,0.73,0.1714,0.7,0.1807
model-1617599740,1617599756.425,0.7,0.2034,0.72,0.197
model-1617599740,1617599756.444,0.79,0.1647,0.83,0.1569
model-1617599740,1617599756.464,0.73,0.1718,0.84,0.145
model-1617599740,1617599756.482,0.65,0.2201,0.79,0.1566
model-1617599740,1617599756.5,0.75,0.1705,0.77,0.1623
model-1617599740,1617599756.517,0.68,0.213,0.78,0.1541
model-1617599740,1617599756.535,0.67,0.2029,0.78,0.1541
model-1617599740,1617599756.556,0.64,0.2108,0.76,0.1682
model-1617599740,1617599756.578,0.74,0.1857,0.74,0.1677
model-1617599740,1617599756.597,0.71,0.1764,0.73,0.1742
model-1617599740,1617599756.618,0.66,0.2114,0.75,0.1653
model-1617599740,1617599756.638,0.77,0.1602,0.75,0.1749
model-1617599740,1617599756.656,0.72,0.1838,0.8,0.143
model-1617599740,1617599756.674,0.75,0.165,0.73,0.1867
model-1617599740,1617599756.696,0.71,0.1711,0.8,0.1394
model-1617599740,1617599756.713,0.74,0.177,0.79,0.1584
model-1617599740,1617599756.731,0.68,0.1844,0.79,0.1604
model-1617599740,1617599756.748,0.73,0.1814,0.78,0.1466
model-1617599740,1617599756.766,0.72,0.1958,0.79,0.146
model-1617599740,1617599756.784,0.7,0.2008,0.77,0.1619
model-1617599740,1617599756.805,0.73,0.172,0.76,0.1733
model-1617599740,1617599756.822,0.74,0.2064,0.75,0.1703
model-1617599740,1617599756.84,0.77,0.1709,0.87,0.1432
model-1617599740,1617599756.857,0.63,0.2204,0.74,0.166
model-1617599740,1617599756.875,0.75,0.1713,0.76,0.1789
model-1617599740,1617599756.893,0.67,0.1814,0.73,0.1713
model-1617599740,1617599756.913,0.75,0.1687,0.74,0.1851
model-1617599740,1617599756.931,0.71,0.2062,0.8,0.1658
model-1617599740,1617599756.949,0.67,0.205,0.71,0.1826
model-1617599740,1617599756.966,0.67,0.2088,0.66,0.2115
model-1617599740,1617599756.984,0.65,0.2091,0.73,0.1763
model-1617599740,1617599757.001,0.78,0.1566,0.8,0.157
model-1617599740,1617599757.022,0.65,0.2169,0.79,0.1642
model-1617599740,1617599757.039,0.7,0.2006,0.83,0.1194
model-1617599740,1617599757.057,0.77,0.1707,0.8,0.1519
model-1617599740,1617599757.075,0.77,0.1617,0.75,0.173
model-1617599740,1617599757.092,0.76,0.176,0.77,0.1602
model-1617599740,1617599757.111,0.77,0.1735,0.74,0.1971
model-1617599740,1617599757.132,0.8,0.1375,0.73,0.1719
model-1617599740,1617599757.149,0.76,0.1774,0.76,0.1788
model-1617599740,1617599757.161,0.71,0.1785,0.69,0.1656
model-1617599740,1617599757.184,0.74,0.1711,0.73,0.1773
model-1617599740,1617599757.202,0.73,0.1826,0.77,0.1699
model-1617599740,1617599757.22,0.7,0.1906,0.72,0.1963
model-1617599740,1617599757.237,0.7,0.1811,0.77,0.1577
model-1617599740,1617599757.255,0.7,0.1782,0.68,0.1951
model-1617599740,1617599757.272,0.73,0.1661,0.72,0.1936
model-1617599740,1617599757.293,0.77,0.1618,0.75,0.1589
model-1617599740,1617599757.31,0.76,0.1423,0.75,0.1733
model-1617599740,1617599757.328,0.72,0.1635,0.76,0.1838
model-1617599740,1617599757.347,0.76,0.1744,0.78,0.1508
model-1617599740,1617599757.365,0.81,0.1463,0.74,0.1642
model-1617599740,1617599757.382,0.67,0.2147,0.73,0.1742
model-1617599740,1617599757.404,0.74,0.1709,0.79,0.1687
model-1617599740,1617599757.422,0.73,0.1725,0.79,0.1413
model-1617599740,1617599757.439,0.72,0.1731,0.79,0.1488
model-1617599740,1617599757.456,0.74,0.1838,0.78,0.1696
model-1617599740,1617599757.474,0.75,0.1821,0.82,0.1312
model-1617599740,1617599757.492,0.66,0.2145,0.75,0.1724
model-1617599740,1617599757.513,0.79,0.1476,0.78,0.1682
model-1617599740,1617599757.53,0.66,0.2263,0.77,0.1561
model-1617599740,1617599757.548,0.68,0.2029,0.71,0.1835
model-1617599740,1617599757.565,0.75,0.1834,0.7,0.1842
model-1617599740,1617599757.583,0.7,0.1915,0.75,0.1533
model-1617599740,1617599757.6,0.68,0.2227,0.75,0.1398
model-1617599740,1617599757.623,0.77,0.1556,0.84,0.1406
model-1617599740,1617599757.641,0.81,0.1398,0.71,0.2154
model-1617599740,1617599757.658,0.72,0.1846,0.74,0.1863
model-1617599740,1617599757.676,0.8,0.1424,0.77,0.1616
model-1617599740,1617599757.694,0.8,0.156,0.75,0.1574
model-1617599740,1617599757.711,0.67,0.2021,0.79,0.1542
model-1617599740,1617599757.732,0.75,0.1766,0.7,0.1966
model-1617599740,1617599757.754,0.72,0.2027,0.78,0.1543
model-1617599740,1617599757.771,0.76,0.1768,0.8,0.1479
model-1617599740,1617599757.79,0.74,0.1801,0.78,0.1652
model-1617599740,1617599757.808,0.69,0.203,0.75,0.1609
model-1617599740,1617599757.826,0.69,0.2166,0.76,0.1687
model-1617599740,1617599757.846,0.69,0.2015,0.76,0.1628
model-1617599740,1617599757.864,0.73,0.1847,0.69,0.1799
model-1617599740,1617599757.882,0.72,0.1837,0.67,0.204
model-1617599740,1617599757.899,0.74,0.1861,0.72,0.1795
model-1617599740,1617599757.918,0.72,0.1742,0.74,0.1895
model-1617599740,1617599757.935,0.72,0.2003,0.82,0.144
model-1617599740,1617599757.955,0.75,0.182,0.77,0.1657
model-1617599740,1617599757.973,0.77,0.1673,0.74,0.1649
model-1617599740,1617599757.991,0.72,0.1809,0.76,0.1583
model-1617599740,1617599758.008,0.69,0.1868,0.74,0.1698
model-1617599740,1617599758.026,0.68,0.1953,0.83,0.1447
model-1617599740,1617599758.043,0.67,0.2246,0.78,0.1628
model-1617599740,1617599758.064,0.61,0.2304,0.8,0.1491
model-1617599740,1617599758.081,0.77,0.1754,0.8,0.13
model-1617599740,1617599758.099,0.67,0.2403,0.71,0.188
model-1617599740,1617599758.116,0.77,0.1535,0.76,0.1567
model-1617599740,1617599758.134,0.74,0.1785,0.86,0.1199
model-1617599740,1617599758.152,0.75,0.1738,0.86,0.1208
model-1617599740,1617599758.172,0.7,0.2131,0.82,0.1342
model-1617599740,1617599758.19,0.69,0.1889,0.69,0.201
model-1617599740,1617599758.207,0.74,0.1757,0.77,0.1532
model-1617599740,1617599758.225,0.69,0.1847,0.84,0.142
model-1617599740,1617599758.242,0.71,0.1837,0.72,0.1738
model-1617599740,1617599758.26,0.73,0.1967,0.71,0.2
model-1617599740,1617599758.281,0.77,0.1678,0.8,0.1459
model-1617599740,1617599758.299,0.73,0.188,0.76,0.1596
model-1617599740,1617599758.318,0.67,0.207,0.69,0.1918
model-1617599740,1617599758.337,0.67,0.2216,0.73,0.1892
model-1617599740,1617599758.355,0.81,0.1463,0.74,0.1673
model-1617599740,1617599758.373,0.65,0.2165,0.74,0.1614
model-1617599740,1617599758.394,0.77,0.1499,0.73,0.1879
model-1617599740,1617599758.412,0.72,0.1895,0.79,0.1631
model-1617599740,1617599758.43,0.76,0.1539,0.76,0.1676
model-1617599740,1617599758.448,0.74,0.1648,0.73,0.1858
model-1617599740,1617599758.465,0.72,0.1882,0.74,0.1689
model-1617599740,1617599758.483,0.7,0.2014,0.73,0.1728
model-1617599740,1617599758.503,0.82,0.1398,0.8,0.1536
model-1617599740,1617599758.52,0.7,0.2218,0.75,0.1801
model-1617599740,1617599758.538,0.72,0.1887,0.75,0.1647
model-1617599740,1617599758.556,0.66,0.2288,0.77,0.1496
model-1617599740,1617599758.573,0.76,0.1547,0.75,0.1725
model-1617599740,1617599758.592,0.72,0.2032,0.75,0.1787
model-1617599740,1617599758.612,0.71,0.1915,0.76,0.162
model-1617599740,1617599758.633,0.72,0.1911,0.76,0.1754
model-1617599740,1617599758.651,0.74,0.1613,0.65,0.212
model-1617599740,1617599758.669,0.68,0.188,0.75,0.1622
model-1617599740,1617599758.687,0.68,0.2254,0.8,0.1524
model-1617599740,1617599758.706,0.72,0.1839,0.73,0.1985
model-1617599740,1617599758.727,0.8,0.1464,0.64,0.2123
model-1617599740,1617599758.745,0.69,0.1826,0.69,0.1782
model-1617599740,1617599758.763,0.7,0.2105,0.82,0.1519
model-1617599740,1617599758.782,0.71,0.1851,0.7,0.1906
model-1617599740,1617599758.801,0.7,0.1944,0.76,0.1535
model-1617599740,1617599758.819,0.67,0.1817,0.76,0.1457
model-1617599740,1617599758.84,0.65,0.2196,0.69,0.1854
model-1617599740,1617599758.858,0.65,0.2273,0.76,0.18
model-1617599740,1617599758.876,0.72,0.1746,0.74,0.1753
model-1617599740,1617599758.894,0.68,0.2123,0.68,0.1959
model-1617599740,1617599758.911,0.67,0.1967,0.72,0.171
model-1617599740,1617599758.929,0.73,0.1756,0.77,0.1665
model-1617599740,1617599758.95,0.7,0.2008,0.73,0.1781
model-1617599740,1617599758.967,0.76,0.1668,0.79,0.1661
model-1617599740,1617599758.985,0.71,0.1786,0.73,0.1825
model-1617599740,1617599759.002,0.76,0.1622,0.77,0.1523
model-1617599740,1617599759.02,0.76,0.1712,0.73,0.201
model-1617599740,1617599759.037,0.66,0.1996,0.74,0.171
model-1617599740,1617599759.059,0.71,0.2015,0.75,0.1723
model-1617599740,1617599759.076,0.77,0.1881,0.71,0.1867
model-1617599740,1617599759.094,0.64,0.2335,0.76,0.1807
model-1617599740,1617599759.111,0.63,0.2204,0.7,0.2114
model-1617599740,1617599759.129,0.66,0.2055,0.78,0.1582
model-1617599740,1617599759.147,0.73,0.1734,0.69,0.183
model-1617599740,1617599759.168,0.83,0.1369,0.69,0.2171
model-1617599740,1617599759.186,0.7,0.1767,0.67,0.2086
model-1617599740,1617599759.204,0.67,0.2214,0.76,0.1448
model-1617599740,1617599759.221,0.68,0.2007,0.68,0.1927
model-1617599740,1617599759.239,0.67,0.2054,0.79,0.1538
model-1617599740,1617599759.257,0.79,0.1443,0.77,0.1562
model-1617599740,1617599759.279,0.73,0.1658,0.81,0.1374
model-1617599740,1617599759.298,0.77,0.1583,0.74,0.1648
model-1617599740,1617599759.316,0.67,0.1995,0.71,0.2038
model-1617599740,1617599759.334,0.74,0.1667,0.72,0.1677
model-1617599740,1617599759.352,0.71,0.1941,0.73,0.1839
model-1617599740,1617599759.369,0.78,0.1581,0.72,0.1798
model-1617599740,1617599759.39,0.7,0.2067,0.73,0.1779
model-1617599740,1617599759.408,0.75,0.1705,0.8,0.1475
model-1617599740,1617599759.426,0.76,0.1851,0.75,0.1644
model-1617599740,1617599759.444,0.72,0.1775,0.76,0.1583
model-1617599740,1617599759.463,0.7,0.1874,0.84,0.1333
model-1617599740,1617599759.481,0.75,0.1767,0.76,0.1691
model-1617599740,1617599759.503,0.78,0.1591,0.74,0.1666
model-1617599740,1617599759.521,0.77,0.1578,0.8,0.1405
model-1617599740,1617599759.538,0.8,0.1524,0.78,0.1481
model-1617599740,1617599759.556,0.74,0.1856,0.74,0.18
model-1617599740,1617599759.575,0.71,0.187,0.77,0.1681
model-1617599740,1617599759.593,0.76,0.1611,0.77,0.165
model-1617599740,1617599759.614,0.79,0.1689,0.71,0.1889
model-1617599740,1617599759.634,0.73,0.1582,0.73,0.1869
model-1617599740,1617599759.655,0.78,0.1484,0.78,0.1663
model-1617599740,1617599759.673,0.69,0.1889,0.76,0.1381
model-1617599740,1617599759.691,0.77,0.1635,0.72,0.1834
model-1617599740,1617599759.708,0.72,0.1929,0.73,0.172
model-1617599740,1617599759.729,0.76,0.1838,0.78,0.1633
model-1617599740,1617599759.746,0.78,0.1728,0.82,0.1345
model-1617599740,1617599759.764,0.75,0.1722,0.77,0.1433
model-1617599740,1617599759.783,0.75,0.1756,0.7,0.1917
model-1617599740,1617599759.801,0.72,0.1825,0.83,0.1327
model-1617599740,1617599759.819,0.72,0.2053,0.74,0.179
model-1617599740,1617599759.84,0.74,0.1842,0.74,0.1797
model-1617599740,1617599759.857,0.8,0.1508,0.73,0.1697
model-1617599740,1617599759.875,0.72,0.2134,0.83,0.1333
model-1617599740,1617599759.893,0.74,0.1664,0.76,0.1698
model-1617599740,1617599759.911,0.78,0.1606,0.74,0.1598
model-1617599740,1617599759.928,0.73,0.1885,0.83,0.1464
model-1617599740,1617599759.949,0.78,0.1622,0.67,0.2261
model-1617599740,1617599759.966,0.75,0.1769,0.7,0.2055
model-1617599740,1617599759.984,0.69,0.1841,0.73,0.1971
model-1617599740,1617599760.001,0.71,0.2057,0.78,0.1522
model-1617599740,1617599760.019,0.72,0.1967,0.73,0.1818
model-1617599740,1617599760.037,0.77,0.1648,0.79,0.1487
model-1617599740,1617599760.058,0.61,0.2096,0.77,0.1586
model-1617599740,1617599760.076,0.69,0.2159,0.71,0.1707
model-1617599740,1617599760.094,0.77,0.1692,0.74,0.1867
model-1617599740,1617599760.111,0.74,0.1646,0.8,0.1475
model-1617599740,1617599760.129,0.82,0.1448,0.67,0.1836
model-1617599740,1617599760.146,0.79,0.157,0.8,0.1582
model-1617599740,1617599760.167,0.75,0.1604,0.66,0.2072
model-1617599740,1617599760.185,0.7,0.2045,0.74,0.1708
model-1617599740,1617599760.203,0.74,0.1771,0.74,0.1478
model-1617599740,1617599760.221,0.69,0.1937,0.73,0.1835
model-1617599740,1617599760.239,0.73,0.1794,0.88,0.1212
model-1617599740,1617599760.256,0.76,0.1743,0.66,0.1938
model-1617599740,1617599760.277,0.75,0.1597,0.66,0.1966
model-1617599740,1617599760.295,0.7,0.1926,0.7,0.1918
model-1617599740,1617599760.312,0.73,0.1759,0.8,0.1378
model-1617599740,1617599760.33,0.67,0.2025,0.76,0.1673
model-1617599740,1617599760.349,0.71,0.1822,0.77,0.1413
model-1617599740,1617599760.369,0.68,0.2046,0.73,0.1612
model-1617599740,1617599760.389,0.67,0.2069,0.76,0.1799
model-1617599740,1617599760.407,0.69,0.1902,0.73,0.2003
model-1617599740,1617599760.425,0.69,0.2136,0.77,0.1741
model-1617599740,1617599760.442,0.71,0.1903,0.77,0.154
model-1617599740,1617599760.46,0.79,0.1671,0.74,0.175
model-1617599740,1617599760.477,0.71,0.1928,0.79,0.151
model-1617599740,1617599760.497,0.76,0.1532,0.8,0.1825
model-1617599740,1617599760.514,0.76,0.1731,0.79,0.136
model-1617599740,1617599760.532,0.71,0.1814,0.74,0.1764
model-1617599740,1617599760.551,0.74,0.167,0.81,0.1451
model-1617599740,1617599760.569,0.81,0.1421,0.75,0.1695
model-1617599740,1617599760.587,0.72,0.1866,0.84,0.1299
model-1617599740,1617599760.608,0.7,0.1931,0.83,0.1432
model-1617599740,1617599760.627,0.69,0.1993,0.79,0.1489
model-1617599740,1617599760.647,0.71,0.2117,0.8,0.1537
model-1617599740,1617599760.669,0.75,0.1779,0.77,0.1427
model-1617599740,1617599760.688,0.66,0.2153,0.79,0.1504
model-1617599740,1617599760.706,0.77,0.1678,0.74,0.164
model-1617599740,1617599760.727,0.7,0.1975,0.77,0.1579
model-1617599740,1617599760.745,0.75,0.1669,0.76,0.1688
model-1617599740,1617599760.762,0.72,0.1926,0.76,0.155
model-1617599740,1617599760.78,0.76,0.161,0.81,0.1531
model-1617599740,1617599760.797,0.68,0.2061,0.78,0.1392
model-1617599740,1617599760.814,0.72,0.1925,0.77,0.1698
model-1617599740,1617599760.835,0.75,0.1689,0.85,0.1327
model-1617599740,1617599760.852,0.78,0.1836,0.81,0.1333
model-1617599740,1617599760.87,0.77,0.1447,0.78,0.1575
model-1617599740,1617599760.888,0.64,0.2119,0.79,0.1435
model-1617599740,1617599760.906,0.69,0.2126,0.82,0.1322
model-1617599740,1617599760.924,0.69,0.2364,0.8,0.1498
model-1617599740,1617599760.944,0.69,0.1996,0.78,0.1576
model-1617599740,1617599760.962,0.78,0.1571,0.78,0.1545
model-1617599740,1617599760.979,0.74,0.1562,0.84,0.138
model-1617599740,1617599760.999,0.77,0.1402,0.73,0.1714
model-1617599740,1617599761.017,0.74,0.17,0.74,0.1728
model-1617599740,1617599761.035,0.69,0.1917,0.8,0.1436
model-1617599740,1617599761.056,0.78,0.1551,0.76,0.1788
model-1617599740,1617599761.075,0.71,0.1919,0.78,0.1555
model-1617599740,1617599761.093,0.72,0.1867,0.76,0.1754
model-1617599740,1617599761.11,0.65,0.2038,0.73,0.1842
model-1617599740,1617599761.128,0.7,0.2097,0.76,0.1566
model-1617599740,1617599761.146,0.73,0.1689,0.81,0.1383
model-1617599740,1617599761.166,0.72,0.1954,0.77,0.1523
model-1617599740,1617599761.184,0.78,0.1604,0.85,0.1122
model-1617599740,1617599761.202,0.69,0.1953,0.83,0.1272
model-1617599740,1617599761.22,0.76,0.1681,0.8,0.1498
model-1617599740,1617599761.238,0.73,0.1771,0.79,0.1384
model-1617599740,1617599761.256,0.75,0.188,0.78,0.1846
model-1617599740,1617599761.278,0.74,0.1748,0.78,0.1512
model-1617599740,1617599761.296,0.7,0.1784,0.79,0.1543
model-1617599740,1617599761.308,0.71,0.1658,0.73,0.1434
model-1617599740,1617599761.333,0.8,0.1578,0.76,0.1688
model-1617599740,1617599761.351,0.73,0.1605,0.79,0.1492
model-1617599740,1617599761.369,0.78,0.1671,0.76,0.1815
model-1617599740,1617599761.386,0.76,0.1578,0.8,0.1383
model-1617599740,1617599761.404,0.75,0.1654,0.68,0.19
model-1617599740,1617599761.421,0.71,0.1677,0.74,0.183
model-1617599740,1617599761.442,0.76,0.1625,0.83,0.1394
model-1617599740,1617599761.46,0.86,0.13,0.76,0.1511
model-1617599740,1617599761.479,0.69,0.1917,0.73,0.1765
model-1617599740,1617599761.496,0.73,0.1851,0.8,0.1307
model-1617599740,1617599761.514,0.76,0.1818,0.77,0.1565
model-1617599740,1617599761.532,0.73,0.178,0.79,0.1622
model-1617599740,1617599761.552,0.84,0.1254,0.76,0.1578
model-1617599740,1617599761.571,0.69,0.2015,0.85,0.1201
model-1617599740,1617599761.589,0.75,0.1683,0.8,0.1325
model-1617599740,1617599761.606,0.75,0.1768,0.74,0.1623
model-1617599740,1617599761.624,0.75,0.1598,0.83,0.1184
model-1617599740,1617599761.642,0.73,0.1868,0.77,0.1571
model-1617599740,1617599761.665,0.73,0.1814,0.81,0.1524
model-1617599740,1617599761.684,0.68,0.2148,0.81,0.1393
model-1617599740,1617599761.702,0.78,0.1584,0.78,0.1694
model-1617599740,1617599761.72,0.81,0.1275,0.76,0.1647
model-1617599740,1617599761.738,0.79,0.1483,0.79,0.146
model-1617599740,1617599761.755,0.78,0.1429,0.8,0.1231
model-1617599740,1617599761.777,0.69,0.2009,0.84,0.1338
model-1617599740,1617599761.795,0.77,0.1471,0.76,0.1961
model-1617599740,1617599761.813,0.72,0.1956,0.72,0.1928
model-1617599740,1617599761.83,0.77,0.1726,0.78,0.1583
model-1617599740,1617599761.848,0.75,0.1532,0.79,0.1438
model-1617599740,1617599761.866,0.75,0.1615,0.81,0.1402
model-1617599740,1617599761.887,0.71,0.1881,0.7,0.1879
model-1617599740,1617599761.905,0.79,0.1424,0.83,0.1391
model-1617599740,1617599761.923,0.77,0.1531,0.82,0.1317
model-1617599740,1617599761.941,0.71,0.1999,0.8,0.1595
model-1617599740,1617599761.959,0.78,0.1609,0.78,0.1502
model-1617599740,1617599761.977,0.79,0.1563,0.77,0.1528
model-1617599740,1617599761.999,0.66,0.2106,0.77,0.1341
model-1617599740,1617599762.016,0.73,0.1856,0.72,0.1807
model-1617599740,1617599762.035,0.74,0.1745,0.75,0.177
model-1617599740,1617599762.053,0.71,0.1955,0.76,0.1718
model-1617599740,1617599762.07,0.79,0.1662,0.73,0.1906
model-1617599740,1617599762.088,0.69,0.2034,0.78,0.1445
model-1617599740,1617599762.109,0.81,0.1265,0.73,0.1626
model-1617599740,1617599762.126,0.82,0.126,0.8,0.1594
model-1617599740,1617599762.144,0.71,0.1681,0.78,0.1478
model-1617599740,1617599762.162,0.81,0.1554,0.78,0.1515
model-1617599740,1617599762.18,0.77,0.1519,0.81,0.1389
model-1617599740,1617599762.197,0.73,0.1821,0.79,0.1595
model-1617599740,1617599762.218,0.81,0.1386,0.82,0.1223
model-1617599740,1617599762.236,0.72,0.1753,0.83,0.121
model-1617599740,1617599762.253,0.78,0.1452,0.74,0.1864
model-1617599740,1617599762.271,0.7,0.1983,0.8,0.1465
model-1617599740,1617599762.289,0.71,0.1831,0.84,0.1185
model-1617599740,1617599762.307,0.71,0.1697,0.83,0.1203
model-1617599740,1617599762.328,0.7,0.1941,0.84,0.1293
model-1617599740,1617599762.346,0.77,0.1542,0.71,0.1879
model-1617599740,1617599762.364,0.78,0.1322,0.8,0.1416
model-1617599740,1617599762.382,0.79,0.1666,0.83,0.1365
model-1617599740,1617599762.4,0.72,0.1865,0.73,0.1768
model-1617599740,1617599762.417,0.76,0.1726,0.71,0.1954
model-1617599740,1617599762.437,0.78,0.151,0.82,0.1369
model-1617599740,1617599762.455,0.72,0.1727,0.79,0.1497
model-1617599740,1617599762.474,0.75,0.1536,0.77,0.1711
model-1617599740,1617599762.492,0.79,0.1552,0.73,0.1885
model-1617599740,1617599762.511,0.73,0.181,0.79,0.1571
model-1617599740,1617599762.528,0.67,0.2193,0.78,0.1498
model-1617599740,1617599762.548,0.73,0.1597,0.7,0.1749
model-1617599740,1617599762.566,0.84,0.1208,0.77,0.1701
model-1617599740,1617599762.584,0.74,0.1777,0.78,0.1553
model-1617599740,1617599762.602,0.65,0.2376,0.74,0.1779
model-1617599740,1617599762.619,0.74,0.179,0.78,0.1575
model-1617599740,1617599762.637,0.7,0.1803,0.76,0.1539
model-1617599740,1617599762.657,0.72,0.1969,0.8,0.1401
model-1617599740,1617599762.677,0.68,0.2207,0.77,0.1601
model-1617599740,1617599762.696,0.65,0.2135,0.76,0.1493
model-1617599740,1617599762.713,0.73,0.1865,0.78,0.1414
model-1617599740,1617599762.731,0.78,0.1657,0.74,0.1707
model-1617599740,1617599762.749,0.7,0.1911,0.76,0.1661
model-1617599740,1617599762.769,0.66,0.2368,0.79,0.1495
model-1617599740,1617599762.788,0.77,0.1593,0.75,0.1645
model-1617599740,1617599762.805,0.69,0.1852,0.71,0.2082
model-1617599740,1617599762.822,0.68,0.1845,0.77,0.1493
model-1617599740,1617599762.839,0.76,0.1624,0.83,0.1264
model-1617599740,1617599762.857,0.76,0.1772,0.71,0.1888
model-1617599740,1617599762.878,0.65,0.2092,0.67,0.2095
model-1617599740,1617599762.897,0.8,0.152,0.69,0.1739
model-1617599740,1617599762.914,0.71,0.1992,0.82,0.1441
model-1617599740,1617599762.932,0.63,0.2343,0.73,0.1736
model-1617599740,1617599762.949,0.74,0.1896,0.8,0.1449
model-1617599740,1617599762.967,0.76,0.171,0.76,0.1389
model-1617599740,1617599762.988,0.74,0.1813,0.73,0.1799
model-1617599740,1617599763.005,0.73,0.1796,0.78,0.1698
model-1617599740,1617599763.025,0.73,0.1981,0.76,0.1685
model-1617599740,1617599763.043,0.76,0.1716,0.7,0.1818
model-1617599740,1617599763.061,0.78,0.1534,0.72,0.1702
model-1617599740,1617599763.079,0.72,0.1928,0.73,0.1584
model-1617599740,1617599763.1,0.71,0.1979,0.79,0.1464
model-1617599740,1617599763.118,0.75,0.1664,0.79,0.1545
model-1617599740,1617599763.135,0.68,0.2012,0.74,0.1835
model-1617599740,1617599763.153,0.73,0.1991,0.76,0.1505
model-1617599740,1617599763.171,0.69,0.19,0.69,0.2039
model-1617599740,1617599763.188,0.75,0.1618,0.78,0.1435
model-1617599740,1617599763.209,0.69,0.1883,0.72,0.1767
model-1617599740,1617599763.227,0.77,0.1585,0.63,0.2068
model-1617599740,1617599763.244,0.69,0.1949,0.72,0.1754
model-1617599740,1617599763.262,0.76,0.1583,0.75,0.1724
model-1617599740,1617599763.28,0.65,0.2099,0.79,0.1396
model-1617599740,1617599763.297,0.74,0.1593,0.74,0.1677
model-1617599740,1617599763.317,0.78,0.1827,0.69,0.2115
model-1617599740,1617599763.335,0.79,0.1662,0.73,0.1756
model-1617599740,1617599763.352,0.81,0.1332,0.81,0.1355
model-1617599740,1617599763.371,0.72,0.1789,0.71,0.1729
model-1617599740,1617599763.39,0.75,0.1653,0.8,0.1417
model-1617599740,1617599763.407,0.74,0.1808,0.77,0.1619
model-1617599740,1617599763.428,0.73,0.1657,0.86,0.13
model-1617599740,1617599763.445,0.74,0.1635,0.75,0.1548
model-1617599740,1617599763.463,0.74,0.1853,0.7,0.2097
model-1617599740,1617599763.481,0.75,0.1787,0.74,0.1849
model-1617599740,1617599763.499,0.77,0.1538,0.73,0.1915
model-1617599740,1617599763.516,0.76,0.1691,0.75,0.1775
model-1617599740,1617599763.537,0.76,0.1768,0.73,0.1762
model-1617599740,1617599763.554,0.77,0.1639,0.81,0.1413
model-1617599740,1617599763.572,0.72,0.1745,0.78,0.1424
model-1617599740,1617599763.589,0.77,0.1695,0.79,0.1432
model-1617599740,1617599763.607,0.68,0.188,0.85,0.1212
model-1617599740,1617599763.624,0.75,0.1745,0.78,0.1567
model-1617599740,1617599763.644,0.71,0.1897,0.74,0.1723
model-1617599740,1617599763.663,0.73,0.1805,0.79,0.1404
model-1617599740,1617599763.68,0.8,0.1633,0.75,0.15
model-1617599740,1617599763.701,0.79,0.1519,0.74,0.1628
model-1617599740,1617599763.719,0.78,0.1701,0.81,0.1571
model-1617599740,1617599763.737,0.75,0.1678,0.76,0.1451
model-1617599740,1617599763.759,0.72,0.1902,0.72,0.1971
model-1617599740,1617599763.779,0.74,0.1776,0.76,0.1703
model-1617599740,1617599763.796,0.77,0.1781,0.82,0.1534
model-1617599740,1617599763.814,0.68,0.1924,0.82,0.1127
model-1617599740,1617599763.831,0.73,0.1965,0.68,0.1884
model-1617599740,1617599763.849,0.78,0.1467,0.76,0.1492
model-1617599740,1617599763.871,0.73,0.1817,0.81,0.1409
model-1617599740,1617599763.889,0.82,0.1337,0.79,0.1387
model-1617599740,1617599763.907,0.74,0.1832,0.82,0.132
model-1617599740,1617599763.925,0.75,0.1738,0.71,0.18
model-1617599740,1617599763.942,0.8,0.1744,0.86,0.1133
model-1617599740,1617599763.96,0.69,0.1886,0.78,0.1679
model-1617599740,1617599763.981,0.78,0.142,0.77,0.1594
model-1617599740,1617599763.998,0.75,0.1649,0.77,0.163
model-1617599740,1617599764.015,0.73,0.1841,0.84,0.1308
model-1617599740,1617599764.033,0.69,0.1884,0.77,0.1538
model-1617599740,1617599764.051,0.72,0.181,0.88,0.1198
model-1617599740,1617599764.068,0.69,0.2064,0.79,0.1477
model-1617599740,1617599764.089,0.77,0.1685,0.73,0.185
model-1617599740,1617599764.107,0.77,0.1522,0.68,0.1873
model-1617599740,1617599764.126,0.77,0.1619,0.76,0.1748
model-1617599740,1617599764.144,0.71,0.1911,0.81,0.1317
model-1617599740,1617599764.162,0.72,0.1752,0.76,0.1654
model-1617599740,1617599764.179,0.74,0.1935,0.79,0.1397
model-1617599740,1617599764.2,0.66,0.2219,0.82,0.1399
model-1617599740,1617599764.217,0.83,0.1301,0.77,0.1429
model-1617599740,1617599764.235,0.71,0.2001,0.76,0.1599
model-1617599740,1617599764.253,0.7,0.1995,0.81,0.1458
model-1617599740,1617599764.271,0.7,0.1856,0.73,0.1769
model-1617599740,1617599764.288,0.68,0.1953,0.81,0.1395
model-1617599740,1617599764.309,0.73,0.1919,0.72,0.1937
model-1617599740,1617599764.326,0.69,0.2195,0.71,0.1724
model-1617599740,1617599764.344,0.76,0.181,0.78,0.1463
model-1617599740,1617599764.361,0.77,0.1582,0.73,0.1645
model-1617599740,1617599764.379,0.68,0.19,0.89,0.1076
model-1617599740,1617599764.397,0.73,0.1752,0.7,0.1959
model-1617599740,1617599764.418,0.81,0.1533,0.66,0.2053
model-1617599740,1617599764.435,0.72,0.1942,0.72,0.191
model-1617599740,1617599764.453,0.81,0.1506,0.8,0.129
model-1617599740,1617599764.473,0.73,0.1998,0.75,0.1631
model-1617599740,1617599764.492,0.68,0.1863,0.79,0.1447
model-1617599740,1617599764.509,0.72,0.1844,0.77,0.1704
model-1617599740,1617599764.53,0.85,0.12,0.77,0.1731
model-1617599740,1617599764.548,0.71,0.1846,0.75,0.1823
model-1617599740,1617599764.567,0.73,0.1819,0.74,0.1702
model-1617599740,1617599764.585,0.66,0.2122,0.8,0.1352
model-1617599740,1617599764.603,0.7,0.173,0.76,0.1571
model-1617599740,1617599764.622,0.76,0.1663,0.79,0.1492
model-1617599740,1617599764.643,0.7,0.1912,0.77,0.1753
model-1617599740,1617599764.661,0.77,0.1482,0.81,0.1313
model-1617599740,1617599764.679,0.74,0.1749,0.73,0.1824
model-1617599740,1617599764.7,0.64,0.2154,0.82,0.1383
model-1617599740,1617599764.72,0.75,0.161,0.74,0.1688
model-1617599740,1617599764.744,0.64,0.2306,0.86,0.1184
model-1617599740,1617599764.767,0.69,0.206,0.82,0.1546
model-1617599740,1617599764.786,0.79,0.1542,0.78,0.1455
model-1617599740,1617599764.806,0.78,0.1679,0.77,0.1655
model-1617599740,1617599764.825,0.76,0.1666,0.82,0.1319
model-1617599740,1617599764.843,0.77,0.1684,0.83,0.1405
model-1617599740,1617599764.861,0.78,0.165,0.8,0.1521
model-1617599740,1617599764.882,0.74,0.1906,0.71,0.162
model-1617599740,1617599764.9,0.8,0.1465,0.83,0.1434
model-1617599740,1617599764.917,0.79,0.1505,0.79,0.1467
model-1617599740,1617599764.935,0.78,0.1555,0.8,0.155
model-1617599740,1617599764.952,0.75,0.1798,0.8,0.1319
model-1617599740,1617599764.972,0.72,0.1962,0.78,0.163
model-1617599740,1617599764.992,0.67,0.2136,0.8,0.1489
model-1617599740,1617599765.01,0.71,0.1768,0.85,0.1253
model-1617599740,1617599765.028,0.74,0.1775,0.82,0.1452
model-1617599740,1617599765.046,0.7,0.2088,0.79,0.1395
model-1617599740,1617599765.064,0.71,0.1776,0.8,0.1348
model-1617599740,1617599765.082,0.79,0.1528,0.79,0.1385
model-1617599740,1617599765.104,0.79,0.1495,0.82,0.138
model-1617599740,1617599765.122,0.79,0.1469,0.78,0.1392
model-1617599740,1617599765.14,0.78,0.1662,0.83,0.1244
model-1617599740,1617599765.159,0.73,0.1927,0.74,0.1612
model-1617599740,1617599765.177,0.79,0.1675,0.74,0.1724
model-1617599740,1617599765.195,0.79,0.1704,0.82,0.1363
model-1617599740,1617599765.217,0.69,0.2216,0.77,0.1539
model-1617599740,1617599765.235,0.75,0.1655,0.82,0.1505
model-1617599740,1617599765.253,0.74,0.1656,0.77,0.1656
model-1617599740,1617599765.271,0.74,0.1787,0.75,0.1639
model-1617599740,1617599765.289,0.74,0.19,0.75,0.1556
model-1617599740,1617599765.307,0.75,0.203,0.81,0.1349
model-1617599740,1617599765.327,0.79,0.1631,0.82,0.1332
model-1617599740,1617599765.345,0.72,0.1844,0.87,0.0984
model-1617599740,1617599765.363,0.7,0.196,0.86,0.105
model-1617599740,1617599765.38,0.81,0.1401,0.79,0.1319
model-1617599740,1617599765.399,0.68,0.2228,0.77,0.1426
model-1617599740,1617599765.417,0.7,0.1981,0.77,0.1823
model-1617599740,1617599765.438,0.74,0.189,0.81,0.1399
model-1617599740,1617599765.455,0.79,0.1493,0.81,0.1434
model-1617599740,1617599765.468,0.73,0.1763,0.79,0.1244
model-1617599740,1617599765.493,0.66,0.2055,0.75,0.1602
model-1617599740,1617599765.511,0.79,0.1636,0.82,0.1294
model-1617599740,1617599765.53,0.74,0.1591,0.76,0.1736
model-1617599740,1617599765.547,0.7,0.176,0.81,0.1211
model-1617599740,1617599765.565,0.74,0.1769,0.73,0.185
model-1617599740,1617599765.583,0.77,0.1553,0.7,0.1809
model-1617599740,1617599765.603,0.72,0.1763,0.82,0.1338
model-1617599740,1617599765.621,0.77,0.1775,0.78,0.1432
model-1617599740,1617599765.638,0.73,0.1975,0.76,0.1577
model-1617599740,1617599765.656,0.77,0.1639,0.82,0.1233
model-1617599740,1617599765.674,0.69,0.2013,0.79,0.1485
model-1617599740,1617599765.692,0.75,0.1705,0.82,0.1525
model-1617599740,1617599765.716,0.79,0.1539,0.81,0.1564
model-1617599740,1617599765.735,0.8,0.152,0.86,0.1104
model-1617599740,1617599765.753,0.76,0.1598,0.84,0.1137
model-1617599740,1617599765.77,0.86,0.1171,0.74,0.1523
model-1617599740,1617599765.788,0.79,0.1364,0.88,0.0948
model-1617599740,1617599765.807,0.73,0.1965,0.82,0.1411
model-1617599740,1617599765.828,0.8,0.1545,0.85,0.1386
model-1617599740,1617599765.846,0.8,0.1532,0.78,0.1402
model-1617599740,1617599765.863,0.75,0.1724,0.81,0.1543
model-1617599740,1617599765.881,0.79,0.1262,0.79,0.1441
model-1617599740,1617599765.899,0.67,0.2189,0.8,0.1302
model-1617599740,1617599765.917,0.73,0.1695,0.77,0.1206
model-1617599740,1617599765.938,0.76,0.1586,0.84,0.1433
model-1617599740,1617599765.955,0.72,0.1967,0.73,0.1971
model-1617599740,1617599765.973,0.76,0.1596,0.76,0.1796
model-1617599740,1617599765.991,0.71,0.1907,0.79,0.1484
model-1617599740,1617599766.008,0.76,0.1647,0.81,0.1329
model-1617599740,1617599766.026,0.75,0.1592,0.83,0.1253
model-1617599740,1617599766.046,0.69,0.2012,0.76,0.1731
model-1617599740,1617599766.064,0.75,0.1729,0.85,0.1244
model-1617599740,1617599766.082,0.71,0.2144,0.82,0.1261
model-1617599740,1617599766.101,0.75,0.1888,0.8,0.1402
model-1617599740,1617599766.118,0.77,0.1704,0.82,0.1366
model-1617599740,1617599766.136,0.74,0.1689,0.77,0.1583
model-1617599740,1617599766.156,0.85,0.1271,0.81,0.1289
model-1617599740,1617599766.174,0.74,0.1792,0.78,0.1513
model-1617599740,1617599766.192,0.8,0.1401,0.71,0.1823
model-1617599740,1617599766.211,0.81,0.1331,0.76,0.1551
model-1617599740,1617599766.229,0.69,0.1948,0.75,0.1813
model-1617599740,1617599766.247,0.79,0.1569,0.81,0.1286
model-1617599740,1617599766.268,0.79,0.1466,0.75,0.1652
model-1617599740,1617599766.286,0.78,0.1574,0.83,0.1314
model-1617599740,1617599766.303,0.72,0.1737,0.79,0.1498
model-1617599740,1617599766.321,0.7,0.178,0.81,0.1369
model-1617599740,1617599766.339,0.74,0.1684,0.84,0.1207
model-1617599740,1617599766.356,0.7,0.1832,0.77,0.1525
model-1617599740,1617599766.378,0.79,0.1463,0.85,0.1023
model-1617599740,1617599766.396,0.71,0.1879,0.86,0.1037
model-1617599740,1617599766.414,0.72,0.1748,0.76,0.1767
model-1617599740,1617599766.432,0.75,0.179,0.79,0.1441
model-1617599740,1617599766.45,0.69,0.2229,0.85,0.1107
model-1617599740,1617599766.468,0.73,0.1714,0.84,0.1163
model-1617599740,1617599766.488,0.7,0.2169,0.8,0.1504
model-1617599740,1617599766.506,0.79,0.1422,0.78,0.1716
model-1617599740,1617599766.524,0.72,0.192,0.82,0.1255
model-1617599740,1617599766.542,0.7,0.2066,0.81,0.1371
model-1617599740,1617599766.56,0.64,0.2228,0.74,0.1733
model-1617599740,1617599766.578,0.7,0.2055,0.75,0.1857
model-1617599740,1617599766.598,0.74,0.1699,0.82,0.127
model-1617599740,1617599766.616,0.74,0.1864,0.79,0.1435
model-1617599740,1617599766.635,0.74,0.1817,0.81,0.1511
model-1617599740,1617599766.652,0.76,0.1646,0.72,0.1858
model-1617599740,1617599766.67,0.79,0.1393,0.76,0.1514
model-1617599740,1617599766.688,0.71,0.1923,0.81,0.1444
model-1617599740,1617599766.71,0.73,0.1741,0.76,0.1512
model-1617599740,1617599766.73,0.74,0.1802,0.72,0.1832
model-1617599740,1617599766.748,0.75,0.1821,0.81,0.1549
model-1617599740,1617599766.766,0.71,0.1936,0.77,0.1585
model-1617599740,1617599766.786,0.72,0.1903,0.85,0.1306
model-1617599740,1617599766.803,0.82,0.1421,0.77,0.1501
model-1617599740,1617599766.824,0.7,0.1963,0.77,0.147
model-1617599740,1617599766.841,0.76,0.1509,0.78,0.1443
model-1617599740,1617599766.858,0.73,0.175,0.83,0.1249
model-1617599740,1617599766.876,0.67,0.2198,0.84,0.1213
model-1617599740,1617599766.893,0.7,0.1929,0.75,0.1782
model-1617599740,1617599766.911,0.7,0.1826,0.79,0.1629
model-1617599740,1617599766.931,0.77,0.1574,0.79,0.1379
model-1617599740,1617599766.949,0.7,0.1785,0.78,0.1513
model-1617599740,1617599766.966,0.68,0.2063,0.67,0.2062
model-1617599740,1617599766.984,0.74,0.1847,0.76,0.1521
model-1617599740,1617599767.001,0.71,0.2112,0.82,0.1336
model-1617599740,1617599767.019,0.71,0.1715,0.78,0.1645
model-1617599740,1617599767.039,0.76,0.1727,0.71,0.188
model-1617599740,1617599767.057,0.77,0.1583,0.72,0.1704
model-1617599740,1617599767.076,0.75,0.1818,0.81,0.1575
model-1617599740,1617599767.095,0.74,0.1728,0.75,0.1569
model-1617599740,1617599767.113,0.69,0.1902,0.8,0.1353
model-1617599740,1617599767.131,0.71,0.1891,0.83,0.1267
model-1617599740,1617599767.153,0.8,0.1419,0.75,0.1683
model-1617599740,1617599767.171,0.71,0.1998,0.77,0.179
model-1617599740,1617599767.189,0.72,0.1948,0.77,0.1658
model-1617599740,1617599767.207,0.77,0.1634,0.81,0.1516
model-1617599740,1617599767.226,0.78,0.1756,0.77,0.1466
model-1617599740,1617599767.244,0.71,0.2102,0.78,0.1557
model-1617599740,1617599767.264,0.67,0.2207,0.79,0.1372
model-1617599740,1617599767.282,0.76,0.1664,0.82,0.1541
model-1617599740,1617599767.299,0.74,0.1547,0.79,0.1633
model-1617599740,1617599767.317,0.76,0.1721,0.81,0.1403
model-1617599740,1617599767.335,0.74,0.1821,0.7,0.2063
model-1617599740,1617599767.352,0.74,0.1585,0.77,0.1337
model-1617599740,1617599767.372,0.69,0.2002,0.84,0.1451
model-1617599740,1617599767.39,0.67,0.2312,0.72,0.1848
model-1617599740,1617599767.408,0.68,0.2244,0.79,0.1564
model-1617599740,1617599767.425,0.8,0.1442,0.79,0.1521
model-1617599740,1617599767.443,0.75,0.1548,0.8,0.1302
model-1617599740,1617599767.46,0.79,0.1503,0.73,0.165
model-1617599740,1617599767.481,0.7,0.1637,0.64,0.2138
model-1617599740,1617599767.5,0.78,0.1614,0.73,0.1721
model-1617599740,1617599767.518,0.64,0.2111,0.81,0.1233
model-1617599740,1617599767.535,0.8,0.1601,0.81,0.1501
model-1617599740,1617599767.553,0.74,0.1618,0.81,0.1321
model-1617599740,1617599767.572,0.81,0.1351,0.77,0.1497
model-1617599740,1617599767.593,0.74,0.182,0.87,0.1192
model-1617599740,1617599767.611,0.71,0.1841,0.75,0.1521
model-1617599740,1617599767.629,0.73,0.1998,0.74,0.184
model-1617599740,1617599767.646,0.74,0.1767,0.76,0.1578
model-1617599740,1617599767.664,0.77,0.1553,0.73,0.1814
model-1617599740,1617599767.682,0.75,0.1768,0.79,0.1674
model-1617599740,1617599767.702,0.78,0.1547,0.76,0.1589
model-1617599740,1617599767.72,0.66,0.2284,0.79,0.1307
model-1617599740,1617599767.74,0.72,0.1889,0.83,0.1224
model-1617599740,1617599767.759,0.77,0.149,0.8,0.126
model-1617599740,1617599767.778,0.83,0.1288,0.86,0.1126
model-1617599740,1617599767.796,0.75,0.1597,0.79,0.1511
model-1617599740,1617599767.816,0.76,0.1858,0.79,0.1477
model-1617599740,1617599767.834,0.78,0.1595,0.86,0.1172
model-1617599740,1617599767.852,0.73,0.1825,0.79,0.1432
model-1617599740,1617599767.87,0.76,0.1705,0.8,0.16
model-1617599740,1617599767.889,0.7,0.1936,0.8,0.1571
model-1617599740,1617599767.906,0.72,0.1744,0.79,0.1349
model-1617599740,1617599767.927,0.73,0.1865,0.72,0.1933
model-1617599740,1617599767.946,0.78,0.149,0.79,0.1639
model-1617599740,1617599767.963,0.85,0.1239,0.84,0.1392
model-1617599740,1617599767.981,0.75,0.1629,0.89,0.1004
model-1617599740,1617599767.999,0.76,0.1524,0.73,0.1706
model-1617599740,1617599768.016,0.81,0.1379,0.78,0.1403
model-1617599740,1617599768.036,0.75,0.1723,0.82,0.1288
model-1617599740,1617599768.054,0.75,0.1801,0.84,0.1108
model-1617599740,1617599768.072,0.74,0.19,0.82,0.1213
model-1617599740,1617599768.089,0.75,0.1552,0.75,0.162
model-1617599740,1617599768.107,0.76,0.1481,0.86,0.099
model-1617599740,1617599768.125,0.75,0.1588,0.79,0.1488
model-1617599740,1617599768.146,0.79,0.1395,0.77,0.1577
model-1617599740,1617599768.163,0.77,0.1608,0.72,0.1581
model-1617599740,1617599768.181,0.74,0.1762,0.86,0.1254
model-1617599740,1617599768.199,0.77,0.1795,0.76,0.1527
model-1617599740,1617599768.216,0.75,0.1637,0.81,0.1288
model-1617599740,1617599768.235,0.72,0.1903,0.82,0.1373
model-1617599740,1617599768.258,0.81,0.163,0.75,0.1683
model-1617599740,1617599768.276,0.74,0.1745,0.75,0.1708
model-1617599740,1617599768.294,0.79,0.1574,0.77,0.1685
model-1617599740,1617599768.311,0.79,0.1507,0.82,0.1264
model-1617599740,1617599768.329,0.79,0.1469,0.8,0.1473
model-1617599740,1617599768.347,0.81,0.1442,0.81,0.1336
model-1617599740,1617599768.367,0.71,0.1906,0.87,0.1185
model-1617599740,1617599768.384,0.77,0.1589,0.84,0.121
model-1617599740,1617599768.402,0.74,0.1834,0.78,0.1562
model-1617599740,1617599768.419,0.75,0.1787,0.8,0.1475
model-1617599740,1617599768.436,0.84,0.156,0.8,0.1389
model-1617599740,1617599768.454,0.79,0.1586,0.81,0.1309
model-1617599740,1617599768.475,0.77,0.1561,0.73,0.184
model-1617599740,1617599768.493,0.8,0.1282,0.78,0.1541
model-1617599740,1617599768.51,0.77,0.159,0.82,0.1157
model-1617599740,1617599768.528,0.77,0.1681,0.81,0.1365
model-1617599740,1617599768.546,0.7,0.1905,0.87,0.099
model-1617599740,1617599768.564,0.82,0.1496,0.74,0.1811
model-1617599740,1617599768.586,0.62,0.2592,0.74,0.1827
model-1617599740,1617599768.605,0.73,0.158,0.75,0.1747
model-1617599740,1617599768.622,0.71,0.2059,0.83,0.1183
model-1617599740,1617599768.64,0.72,0.199,0.76,0.1474
model-1617599740,1617599768.658,0.7,0.2027,0.81,0.1287
model-1617599740,1617599768.675,0.76,0.1765,0.75,0.1545
model-1617599740,1617599768.696,0.75,0.1749,0.75,0.1611
model-1617599740,1617599768.714,0.8,0.1567,0.81,0.1539
model-1617599740,1617599768.732,0.71,0.1784,0.81,0.1565
model-1617599740,1617599768.751,0.68,0.2301,0.8,0.1318
model-1617599740,1617599768.771,0.75,0.1784,0.81,0.138
model-1617599740,1617599768.79,0.76,0.1509,0.83,0.1366
model-1617599740,1617599768.81,0.73,0.185,0.77,0.1722
model-1617599740,1617599768.827,0.75,0.1745,0.82,0.1172
model-1617599740,1617599768.844,0.75,0.1488,0.76,0.1718
model-1617599740,1617599768.862,0.79,0.1568,0.84,0.119
model-1617599740,1617599768.88,0.75,0.1674,0.78,0.1562
model-1617599740,1617599768.898,0.78,0.1747,0.85,0.1014
model-1617599740,1617599768.919,0.77,0.1612,0.82,0.1316
model-1617599740,1617599768.936,0.69,0.1909,0.82,0.1331
model-1617599740,1617599768.957,0.77,0.175,0.8,0.1547
model-1617599740,1617599768.974,0.78,0.1604,0.87,0.1171
model-1617599740,1617599768.992,0.78,0.1572,0.84,0.1223
model-1617599740,1617599769.009,0.75,0.1744,0.77,0.1457
model-1617599740,1617599769.029,0.77,0.1557,0.78,0.156
model-1617599740,1617599769.047,0.8,0.1592,0.82,0.1296
model-1617599740,1617599769.064,0.77,0.1481,0.84,0.1324
model-1617599740,1617599769.082,0.77,0.1883,0.81,0.1412
model-1617599740,1617599769.099,0.76,0.1917,0.82,0.1229
model-1617599740,1617599769.117,0.77,0.169,0.78,0.1613
model-1617599740,1617599769.137,0.71,0.1686,0.83,0.137
model-1617599740,1617599769.155,0.78,0.1584,0.82,0.1162
model-1617599740,1617599769.172,0.77,0.1534,0.82,0.1359
model-1617599740,1617599769.19,0.75,0.1586,0.8,0.1378
model-1617599740,1617599769.208,0.75,0.1648,0.81,0.1278
model-1617599740,1617599769.225,0.73,0.176,0.83,0.125
model-1617599740,1617599769.246,0.76,0.1573,0.84,0.1302
model-1617599740,1617599769.263,0.76,0.1772,0.81,0.1245
model-1617599740,1617599769.28,0.71,0.1998,0.84,0.1157
model-1617599740,1617599769.298,0.78,0.1453,0.79,0.1423
model-1617599740,1617599769.316,0.7,0.1953,0.77,0.1531
model-1617599740,1617599769.335,0.78,0.1624,0.83,0.1188
model-1617599740,1617599769.356,0.81,0.1421,0.78,0.1444
model-1617599740,1617599769.375,0.75,0.1764,0.83,0.1355
model-1617599740,1617599769.393,0.76,0.1715,0.86,0.1407
model-1617599740,1617599769.411,0.76,0.1556,0.76,0.1538
model-1617599740,1617599769.43,0.8,0.1367,0.82,0.1339
model-1617599740,1617599769.447,0.8,0.1492,0.86,0.1227
model-1617599740,1617599769.468,0.77,0.1599,0.83,0.1251
model-1617599740,1617599769.485,0.78,0.1692,0.86,0.0988
model-1617599740,1617599769.503,0.72,0.1775,0.91,0.0895
model-1617599740,1617599769.52,0.72,0.1943,0.84,0.112
model-1617599740,1617599769.538,0.69,0.2036,0.8,0.1264
model-1617599740,1617599769.556,0.71,0.194,0.78,0.1466
model-1617599740,1617599769.577,0.79,0.1564,0.85,0.1258
model-1617599740,1617599769.594,0.77,0.1606,0.86,0.1214
model-1617599740,1617599769.607,0.76,0.1791,0.83,0.119
model-1617599740,1617599769.631,0.72,0.2035,0.78,0.1464
model-1617599740,1617599769.649,0.76,0.1636,0.83,0.1209
model-1617599740,1617599769.667,0.75,0.1611,0.8,0.1483
model-1617599740,1617599769.685,0.69,0.2105,0.83,0.1065
model-1617599740,1617599769.703,0.7,0.2166,0.76,0.1813
model-1617599740,1617599769.721,0.64,0.2498,0.77,0.1668
model-1617599740,1617599769.741,0.76,0.1696,0.82,0.1129
model-1617599740,1617599769.76,0.7,0.1926,0.82,0.1243
model-1617599740,1617599769.78,0.78,0.1732,0.79,0.1431
model-1617599740,1617599769.798,0.63,0.2085,0.86,0.1123
model-1617599740,1617599769.815,0.69,0.1978,0.83,0.1387
model-1617599740,1617599769.833,0.73,0.1885,0.84,0.1438
model-1617599740,1617599769.853,0.8,0.1458,0.81,0.1517
model-1617599740,1617599769.871,0.76,0.1635,0.85,0.1056
model-1617599740,1617599769.889,0.78,0.1652,0.89,0.0981
model-1617599740,1617599769.906,0.82,0.141,0.82,0.1383
model-1617599740,1617599769.926,0.65,0.2428,0.91,0.0788
model-1617599740,1617599769.945,0.66,0.2512,0.8,0.1376
model-1617599740,1617599769.966,0.8,0.163,0.84,0.1205
model-1617599740,1617599769.986,0.8,0.1474,0.82,0.1176
model-1617599740,1617599770.003,0.8,0.1486,0.83,0.1482
model-1617599740,1617599770.021,0.73,0.1971,0.84,0.1329
model-1617599740,1617599770.039,0.67,0.2375,0.82,0.1174
model-1617599740,1617599770.057,0.82,0.1384,0.82,0.1089
model-1617599740,1617599770.078,0.79,0.1516,0.82,0.154
model-1617599740,1617599770.095,0.79,0.1465,0.73,0.1918
model-1617599740,1617599770.113,0.72,0.215,0.81,0.1599
model-1617599740,1617599770.13,0.76,0.1789,0.8,0.143
model-1617599740,1617599770.148,0.76,0.1767,0.83,0.1227
model-1617599740,1617599770.165,0.78,0.1426,0.83,0.1248
model-1617599740,1617599770.185,0.76,0.1498,0.8,0.1555
model-1617599740,1617599770.203,0.77,0.1592,0.82,0.1245
model-1617599740,1617599770.22,0.8,0.1632,0.82,0.1234
model-1617599740,1617599770.238,0.73,0.1906,0.83,0.1352
model-1617599740,1617599770.256,0.77,0.1727,0.84,0.118
model-1617599740,1617599770.274,0.7,0.2251,0.8,0.1637
model-1617599740,1617599770.294,0.69,0.1887,0.78,0.1343
model-1617599740,1617599770.313,0.8,0.1661,0.79,0.1379
model-1617599740,1617599770.33,0.67,0.2467,0.73,0.1738
model-1617599740,1617599770.347,0.73,0.1823,0.8,0.1435
model-1617599740,1617599770.365,0.74,0.1704,0.72,0.1726
model-1617599740,1617599770.383,0.7,0.1965,0.82,0.1121
model-1617599740,1617599770.403,0.75,0.1534,0.77,0.1607
model-1617599740,1617599770.421,0.66,0.2398,0.83,0.1281
model-1617599740,1617599770.438,0.71,0.198,0.81,0.1267
model-1617599740,1617599770.455,0.78,0.1728,0.82,0.1157
model-1617599740,1617599770.472,0.76,0.1646,0.85,0.1131
model-1617599740,1617599770.49,0.73,0.1876,0.79,0.1534
model-1617599740,1617599770.51,0.69,0.1944,0.86,0.106
model-1617599740,1617599770.528,0.79,0.1487,0.85,0.1039
model-1617599740,1617599770.545,0.74,0.166,0.8,0.1512
model-1617599740,1617599770.563,0.78,0.1521,0.82,0.1266
model-1617599740,1617599770.58,0.73,0.1929,0.83,0.1106
model-1617599740,1617599770.598,0.82,0.1562,0.83,0.114
model-1617599740,1617599770.618,0.76,0.1844,0.85,0.1272
model-1617599740,1617599770.636,0.8,0.1625,0.78,0.1715
model-1617599740,1617599770.653,0.76,0.1776,0.83,0.1368
model-1617599740,1617599770.67,0.77,0.157,0.83,0.1112
model-1617599740,1617599770.688,0.76,0.1618,0.76,0.1625
model-1617599740,1617599770.707,0.75,0.1806,0.77,0.1671
model-1617599740,1617599770.727,0.76,0.1774,0.86,0.1176
model-1617599740,1617599770.745,0.77,0.1783,0.76,0.1438
model-1617599740,1617599770.765,0.8,0.1368,0.77,0.148
model-1617599740,1617599770.789,0.72,0.1939,0.76,0.1643
model-1617599740,1617599770.807,0.81,0.144,0.78,0.1556
model-1617599740,1617599770.824,0.74,0.1955,0.79,0.1493
model-1617599740,1617599770.845,0.72,0.1711,0.81,0.1393
model-1617599740,1617599770.862,0.72,0.2118,0.81,0.1551
model-1617599740,1617599770.88,0.78,0.1573,0.83,0.1487
model-1617599740,1617599770.898,0.72,0.2046,0.8,0.1474
model-1617599740,1617599770.915,0.8,0.1716,0.83,0.1104
model-1617599740,1617599770.933,0.77,0.149,0.83,0.1224
model-1617599740,1617599770.953,0.7,0.1755,0.81,0.1406
model-1617599740,1617599770.971,0.74,0.1829,0.8,0.1408
model-1617599740,1617599770.989,0.78,0.1517,0.81,0.1208
model-1617599740,1617599771.007,0.74,0.181,0.87,0.0904
model-1617599740,1617599771.024,0.75,0.1591,0.76,0.1518
model-1617599740,1617599771.042,0.75,0.2049,0.79,0.1429
model-1617599740,1617599771.062,0.83,0.1459,0.77,0.1374
model-1617599740,1617599771.08,0.76,0.1789,0.77,0.1412
model-1617599740,1617599771.098,0.72,0.1803,0.71,0.1724
model-1617599740,1617599771.116,0.79,0.1493,0.81,0.1183
model-1617599740,1617599771.134,0.75,0.1728,0.87,0.1185
model-1617599740,1617599771.152,0.83,0.1275,0.77,0.1614
model-1617599740,1617599771.173,0.76,0.1667,0.75,0.1661
model-1617599740,1617599771.192,0.75,0.1709,0.75,0.1608
model-1617599740,1617599771.209,0.77,0.1578,0.86,0.1315
model-1617599740,1617599771.226,0.75,0.146,0.8,0.1415
model-1617599740,1617599771.244,0.75,0.165,0.83,0.1274
model-1617599740,1617599771.261,0.79,0.1378,0.81,0.1233
model-1617599740,1617599771.281,0.71,0.1972,0.75,0.1681
model-1617599740,1617599771.298,0.72,0.1861,0.77,0.1733
model-1617599740,1617599771.316,0.66,0.2274,0.79,0.1569
model-1617599740,1617599771.333,0.68,0.2176,0.81,0.152
model-1617599740,1617599771.351,0.71,0.1794,0.82,0.1414
model-1617599740,1617599771.368,0.75,0.175,0.84,0.1281
model-1617599740,1617599771.388,0.68,0.201,0.83,0.1113
model-1617599740,1617599771.405,0.74,0.1603,0.8,0.1491
model-1617599740,1617599771.423,0.76,0.1644,0.78,0.1571
model-1617599740,1617599771.44,0.72,0.2093,0.85,0.1266
model-1617599740,1617599771.458,0.74,0.1735,0.71,0.2056
model-1617599740,1617599771.477,0.7,0.217,0.83,0.1187
model-1617599740,1617599771.497,0.73,0.1968,0.83,0.1333
model-1617599740,1617599771.514,0.8,0.1644,0.77,0.1588
model-1617599740,1617599771.533,0.77,0.1669,0.76,0.148
model-1617599740,1617599771.55,0.81,0.1356,0.82,0.1368
model-1617599740,1617599771.568,0.8,0.13,0.85,0.1149
model-1617599740,1617599771.588,0.72,0.1989,0.79,0.1508
model-1617599740,1617599771.608,0.76,0.1663,0.66,0.2019
model-1617599740,1617599771.626,0.77,0.159,0.73,0.1747
model-1617599740,1617599771.643,0.68,0.1909,0.85,0.108
model-1617599740,1617599771.661,0.8,0.1301,0.8,0.145
model-1617599740,1617599771.68,0.73,0.1879,0.86,0.1113
model-1617599740,1617599771.698,0.76,0.1552,0.78,0.1466
model-1617599740,1617599771.719,0.7,0.212,0.86,0.1195
model-1617599740,1617599771.736,0.77,0.1741,0.75,0.1403
model-1617599740,1617599771.754,0.76,0.1608,0.8,0.1547
model-1617599740,1617599771.771,0.69,0.2152,0.85,0.1243
model-1617599740,1617599771.793,0.72,0.1697,0.72,0.1701
model-1617599740,1617599771.811,0.78,0.1661,0.77,0.1572
model-1617599740,1617599771.831,0.74,0.1744,0.77,0.1467
model-1617599740,1617599771.849,0.68,0.2034,0.79,0.1268
model-1617599740,1617599771.866,0.72,0.1873,0.9,0.1093
model-1617599740,1617599771.884,0.83,0.144,0.84,0.1114
model-1617599740,1617599771.902,0.76,0.1546,0.85,0.1083
model-1617599740,1617599771.92,0.77,0.1721,0.85,0.1333
model-1617599740,1617599771.94,0.78,0.1439,0.81,0.1359
model-1617599740,1617599771.957,0.75,0.1791,0.87,0.1002
model-1617599740,1617599771.974,0.81,0.1405,0.83,0.125
model-1617599740,1617599771.992,0.72,0.1664,0.83,0.1319
model-1617599740,1617599772.009,0.84,0.1255,0.8,0.1524
model-1617599740,1617599772.027,0.77,0.1545,0.84,0.1165
model-1617599740,1617599772.047,0.76,0.1559,0.74,0.1842
model-1617599740,1617599772.065,0.77,0.1734,0.78,0.1544
model-1617599740,1617599772.083,0.72,0.1781,0.79,0.1415
model-1617599740,1617599772.101,0.75,0.1719,0.86,0.0975
model-1617599740,1617599772.118,0.77,0.1637,0.74,0.1554
model-1617599740,1617599772.137,0.71,0.1732,0.81,0.1218
model-1617599740,1617599772.159,0.76,0.1517,0.85,0.1282
model-1617599740,1617599772.177,0.8,0.1596,0.83,0.1107
model-1617599740,1617599772.194,0.71,0.1997,0.83,0.1186
model-1617599740,1617599772.211,0.75,0.1781,0.82,0.1438
model-1617599740,1617599772.229,0.77,0.1561,0.86,0.0976
model-1617599740,1617599772.247,0.76,0.1761,0.77,0.1614
model-1617599740,1617599772.268,0.73,0.2019,0.8,0.135
model-1617599740,1617599772.285,0.78,0.143,0.78,0.1394
model-1617599740,1617599772.303,0.68,0.225,0.9,0.1129
model-1617599740,1617599772.32,0.73,0.1755,0.78,0.1266
model-1617599740,1617599772.338,0.8,0.1532,0.89,0.1027
model-1617599740,1617599772.355,0.78,0.1495,0.83,0.1219
model-1617599740,1617599772.376,0.79,0.1469,0.79,0.1649
model-1617599740,1617599772.395,0.68,0.2328,0.74,0.1678
model-1617599740,1617599772.412,0.82,0.1342,0.77,0.1482
model-1617599740,1617599772.429,0.72,0.1949,0.86,0.1042
model-1617599740,1617599772.447,0.8,0.1393,0.81,0.1308
model-1617599740,1617599772.464,0.78,0.1651,0.84,0.1145
model-1617599740,1617599772.485,0.71,0.1957,0.89,0.1047
model-1617599740,1617599772.503,0.75,0.1817,0.83,0.1152
model-1617599740,1617599772.522,0.73,0.1791,0.82,0.1424
model-1617599740,1617599772.54,0.77,0.1555,0.78,0.1396
model-1617599740,1617599772.557,0.78,0.1619,0.78,0.1479
model-1617599740,1617599772.576,0.74,0.1813,0.82,0.1273
model-1617599740,1617599772.597,0.7,0.1837,0.75,0.173
model-1617599740,1617599772.614,0.75,0.1791,0.79,0.1579
model-1617599740,1617599772.632,0.83,0.1323,0.86,0.1052
model-1617599740,1617599772.65,0.78,0.1652,0.85,0.12
model-1617599740,1617599772.668,0.77,0.1527,0.89,0.092
model-1617599740,1617599772.685,0.75,0.1785,0.75,0.1752
model-1617599740,1617599772.705,0.81,0.1393,0.79,0.152
model-1617599740,1617599772.723,0.74,0.1662,0.77,0.1559
model-1617599740,1617599772.74,0.74,0.1845,0.86,0.111
model-1617599740,1617599772.757,0.71,0.1724,0.79,0.1332
model-1617599740,1617599772.776,0.75,0.1786,0.85,0.1046
model-1617599740,1617599772.795,0.67,0.2109,0.84,0.1353
model-1617599740,1617599772.819,0.73,0.1903,0.8,0.144
model-1617599740,1617599772.837,0.75,0.1824,0.81,0.1309
model-1617599740,1617599772.856,0.7,0.22,0.82,0.135
model-1617599740,1617599772.875,0.69,0.1937,0.82,0.1269
model-1617599740,1617599772.892,0.79,0.1601,0.82,0.1317
model-1617599740,1617599772.909,0.79,0.1465,0.84,0.1189
model-1617599740,1617599772.93,0.73,0.1687,0.78,0.1552
model-1617599740,1617599772.948,0.76,0.1594,0.83,0.104
model-1617599740,1617599772.965,0.75,0.172,0.8,0.1514
model-1617599740,1617599772.983,0.79,0.1487,0.84,0.1162
model-1617599740,1617599773.0,0.73,0.1972,0.79,0.1419
model-1617599740,1617599773.018,0.76,0.1672,0.88,0.0921
model-1617599740,1617599773.038,0.76,0.176,0.81,0.1288
model-1617599740,1617599773.056,0.78,0.1678,0.83,0.13
model-1617599740,1617599773.073,0.81,0.1468,0.83,0.1349
model-1617599740,1617599773.091,0.8,0.1508,0.87,0.1031
model-1617599740,1617599773.109,0.73,0.1831,0.88,0.1066
model-1617599740,1617599773.126,0.77,0.159,0.76,0.141
model-1617599740,1617599773.147,0.78,0.1578,0.84,0.1328
model-1617599740,1617599773.164,0.75,0.1581,0.83,0.1214
model-1617599740,1617599773.181,0.72,0.1787,0.82,0.1321
model-1617599740,1617599773.198,0.72,0.1794,0.78,0.147
model-1617599740,1617599773.216,0.76,0.1669,0.86,0.1071
model-1617599740,1617599773.235,0.71,0.1932,0.81,0.1504
model-1617599740,1617599773.256,0.76,0.1817,0.85,0.1345
model-1617599740,1617599773.273,0.79,0.1611,0.81,0.1246
model-1617599740,1617599773.292,0.72,0.1912,0.86,0.1174
model-1617599740,1617599773.31,0.77,0.1634,0.83,0.129
model-1617599740,1617599773.328,0.79,0.175,0.8,0.123
model-1617599740,1617599773.345,0.79,0.1603,0.86,0.1029
model-1617599740,1617599773.365,0.82,0.1537,0.84,0.1177
model-1617599740,1617599773.383,0.7,0.188,0.81,0.1261
model-1617599740,1617599773.4,0.77,0.1716,0.87,0.1102
model-1617599740,1617599773.418,0.79,0.1693,0.83,0.1315
model-1617599740,1617599773.435,0.76,0.1561,0.83,0.124
model-1617599740,1617599773.453,0.78,0.1568,0.85,0.1166
model-1617599740,1617599773.473,0.78,0.1636,0.8,0.1338
model-1617599740,1617599773.493,0.83,0.1311,0.86,0.1156
model-1617599740,1617599773.51,0.8,0.145,0.86,0.1252
model-1617599740,1617599773.528,0.7,0.1981,0.76,0.1407
model-1617599740,1617599773.545,0.78,0.1551,0.88,0.1129
model-1617599740,1617599773.563,0.68,0.2021,0.84,0.1163
model-1617599740,1617599773.584,0.8,0.1425,0.89,0.1154
model-1617599740,1617599773.602,0.75,0.1794,0.87,0.0917
model-1617599740,1617599773.619,0.77,0.1544,0.9,0.086
model-1617599740,1617599773.636,0.73,0.163,0.87,0.0981
model-1617599740,1617599773.654,0.71,0.2234,0.84,0.1167
model-1617599740,1617599773.671,0.73,0.1905,0.84,0.1247
model-1617599740,1617599773.691,0.78,0.1664,0.83,0.12
model-1617599740,1617599773.711,0.8,0.1428,0.85,0.1064
model-1617599740,1617599773.723,0.66,0.2207,0.9,0.0796
